# This is the readout of make_master_godata_table.py
# This shows all data read in to create the master_go_data_topX CSV files

Adding data from ../../GO_data/GO_term_tables/M_MUT_and_WT_M_E18_WB/L2_3_IT_M_MUT_and_WT_M_E18_WB_BP_top20_gentable.csv to data frame
Adding data from ../../GO_data/GO_term_tables/M_MUT_and_WT_M_E18_WB/L2_3_IT_M_MUT_and_WT_M_E18_WB_CC_top20_gentable.csv to data frame
Adding data from ../../GO_data/GO_term_tables/M_MUT_and_WT_M_E18_WB/L2_3_IT_M_MUT_and_WT_M_E18_WB_MF_top20_gentable.csv to data frame
Adding data from ../../GO_data/GO_term_tables/M_MUT_and_WT_M_E18_WB/L6_M_MUT_and_WT_M_E18_WB_BP_top20_gentable.csv to data frame
Adding data from ../../GO_data/GO_term_tables/M_MUT_and_WT_M_E18_WB/L6_M_MUT_and_WT_M_E18_WB_CC_top20_gentable.csv to data frame
Adding data from ../../GO_data/GO_term_tables/M_MUT_and_WT_M_E18_WB/L6_M_MUT_and_WT_M_E18_WB_MF_top20_gentable.csv to data frame
Adding data from ../../GO_data/GO_term_tables/M_MUT_and_WT_M_E18_WB/Sst_M_MUT_and_WT_M_E18_WB_BP_top20_gentable.csv to data frame
Adding data from ../../GO_data/GO_term_tables/M_MUT_and_WT_M_E18_WB/Sst_M_MUT_and_WT_M_E18_WB_CC_top20_gentable.csv to data frame
Adding data from ../../GO_data/GO_term_tables/M_MUT_and_WT_M_E18_WB/Sst_M_MUT_and_WT_M_E18_WB_MF_top20_gentable.csv to data frame
Adding data from ../../GO_data/GO_term_tables/M_MUT_and_WT_M_E18_WB/L5_M_MUT_and_WT_M_E18_WB_BP_top20_gentable.csv to data frame
Adding data from ../../GO_data/GO_term_tables/M_MUT_and_WT_M_E18_WB/L5_M_MUT_and_WT_M_E18_WB_CC_top20_gentable.csv to data frame
Adding data from ../../GO_data/GO_term_tables/M_MUT_and_WT_M_E18_WB/L5_M_MUT_and_WT_M_E18_WB_MF_top20_gentable.csv to data frame
Adding data from ../../GO_data/GO_term_tables/M_MUT_and_WT_M_E18_WB/L4_M_MUT_and_WT_M_E18_WB_BP_top20_gentable.csv to data frame
Adding data from ../../GO_data/GO_term_tables/M_MUT_and_WT_M_E18_WB/L4_M_MUT_and_WT_M_E18_WB_CC_top20_gentable.csv to data frame
Adding data from ../../GO_data/GO_term_tables/M_MUT_and_WT_M_E18_WB/L4_M_MUT_and_WT_M_E18_WB_MF_top20_gentable.csv to data frame
Adding data from ../../GO_data/GO_term_tables/M_MUT_and_WT_M_E18_WB/Pvalb_M_MUT_and_WT_M_E18_WB_BP_top20_gentable.csv to data frame
Adding data from ../../GO_data/GO_term_tables/M_MUT_and_WT_M_E18_WB/Pvalb_M_MUT_and_WT_M_E18_WB_CC_top20_gentable.csv to data frame
Adding data from ../../GO_data/GO_term_tables/M_MUT_and_WT_M_E18_WB/Pvalb_M_MUT_and_WT_M_E18_WB_MF_top20_gentable.csv to data frame
Adding data from ../../GO_data/GO_term_tables/M_MUT_and_WT_M_E18_WB/Sncg_M_MUT_and_WT_M_E18_WB_BP_top20_gentable.csv to data frame
Adding data from ../../GO_data/GO_term_tables/M_MUT_and_WT_M_E18_WB/Sncg_M_MUT_and_WT_M_E18_WB_CC_top20_gentable.csv to data frame
Adding data from ../../GO_data/GO_term_tables/M_MUT_and_WT_M_E18_WB/Sncg_M_MUT_and_WT_M_E18_WB_MF_top20_gentable.csv to data frame
Adding data from ../../GO_data/GO_term_tables/M_MUT_and_WT_M_E18_WB/Non_neuronal_M_MUT_and_WT_M_E18_WB_BP_top20_gentable.csv to data frame
Adding data from ../../GO_data/GO_term_tables/M_MUT_and_WT_M_E18_WB/Non_neuronal_M_MUT_and_WT_M_E18_WB_CC_top20_gentable.csv to data frame
Adding data from ../../GO_data/GO_term_tables/M_MUT_and_WT_M_E18_WB/Non_neuronal_M_MUT_and_WT_M_E18_WB_MF_top20_gentable.csv to data frame
Adding data from ../../GO_data/GO_term_tables/M_MUT_and_WT_M_E18_WB/Oligo_M_MUT_and_WT_M_E18_WB_BP_top20_gentable.csv to data frame
Adding data from ../../GO_data/GO_term_tables/M_MUT_and_WT_M_E18_WB/Oligo_M_MUT_and_WT_M_E18_WB_CC_top20_gentable.csv to data frame
Adding data from ../../GO_data/GO_term_tables/M_MUT_and_WT_M_E18_WB/Oligo_M_MUT_and_WT_M_E18_WB_MF_top20_gentable.csv to data frame
Adding data from ../../GO_data/GO_term_tables/M_MUT_and_WT_M_E18_WB/Vip_M_MUT_and_WT_M_E18_WB_BP_top20_gentable.csv to data frame
Adding data from ../../GO_data/GO_term_tables/M_MUT_and_WT_M_E18_WB/Vip_M_MUT_and_WT_M_E18_WB_CC_top20_gentable.csv to data frame
Adding data from ../../GO_data/GO_term_tables/M_MUT_and_WT_M_E18_WB/Vip_M_MUT_and_WT_M_E18_WB_MF_top20_gentable.csv to data frame
Adding data from ../../GO_data/GO_term_tables/M_MUT_and_WT_M_E18_WB/Lamp5_M_MUT_and_WT_M_E18_WB_BP_top20_gentable.csv to data frame
Adding data from ../../GO_data/GO_term_tables/M_MUT_and_WT_M_E18_WB/Lamp5_M_MUT_and_WT_M_E18_WB_CC_top20_gentable.csv to data frame
Adding data from ../../GO_data/GO_term_tables/M_MUT_and_WT_M_E18_WB/Lamp5_M_MUT_and_WT_M_E18_WB_MF_top20_gentable.csv to data frame
Adding data from ../../GO_data/GO_term_tables/M_MUT_and_WT_M_E18_WB/Astro_M_MUT_and_WT_M_E18_WB_BP_top20_gentable.csv to data frame
Adding data from ../../GO_data/GO_term_tables/M_MUT_and_WT_M_E18_WB/Astro_M_MUT_and_WT_M_E18_WB_CC_top20_gentable.csv to data frame
Adding data from ../../GO_data/GO_term_tables/M_MUT_and_WT_M_E18_WB/Astro_M_MUT_and_WT_M_E18_WB_MF_top20_gentable.csv to data frame
Adding data from ../../GO_data/GO_term_tables/M_MUT_and_WT_M_E18_WB/Peri_M_MUT_and_WT_M_E18_WB_BP_top20_gentable.csv to data frame
Adding data from ../../GO_data/GO_term_tables/M_MUT_and_WT_M_E18_WB/Peri_M_MUT_and_WT_M_E18_WB_CC_top20_gentable.csv to data frame
Adding data from ../../GO_data/GO_term_tables/M_MUT_and_WT_M_E18_WB/Peri_M_MUT_and_WT_M_E18_WB_MF_top20_gentable.csv to data frame
Adding data from ../../GO_data/GO_term_tables/M_MUT_and_WT_M_E18_WB/Endo_M_MUT_and_WT_M_E18_WB_BP_top20_gentable.csv to data frame
Adding data from ../../GO_data/GO_term_tables/M_MUT_and_WT_M_E18_WB/Endo_M_MUT_and_WT_M_E18_WB_CC_top20_gentable.csv to data frame
Adding data from ../../GO_data/GO_term_tables/M_MUT_and_WT_M_E18_WB/Endo_M_MUT_and_WT_M_E18_WB_MF_top20_gentable.csv to data frame
Adding data from ../../GO_data/GO_term_tables/M_MUT_and_WT_M_P30_CORT/L2_3_IT_M_MUT_and_WT_M_P30_CORT_BP_top20_gentable.csv to data frame
Adding data from ../../GO_data/GO_term_tables/M_MUT_and_WT_M_P30_CORT/L2_3_IT_M_MUT_and_WT_M_P30_CORT_CC_top20_gentable.csv to data frame
Adding data from ../../GO_data/GO_term_tables/M_MUT_and_WT_M_P30_CORT/L2_3_IT_M_MUT_and_WT_M_P30_CORT_MF_top20_gentable.csv to data frame
Adding data from ../../GO_data/GO_term_tables/M_MUT_and_WT_M_P30_CORT/L6_M_MUT_and_WT_M_P30_CORT_BP_top20_gentable.csv to data frame
Adding data from ../../GO_data/GO_term_tables/M_MUT_and_WT_M_P30_CORT/L6_M_MUT_and_WT_M_P30_CORT_CC_top20_gentable.csv to data frame
Adding data from ../../GO_data/GO_term_tables/M_MUT_and_WT_M_P30_CORT/L6_M_MUT_and_WT_M_P30_CORT_MF_top20_gentable.csv to data frame
Adding data from ../../GO_data/GO_term_tables/M_MUT_and_WT_M_P30_CORT/Sst_M_MUT_and_WT_M_P30_CORT_BP_top20_gentable.csv to data frame
Adding data from ../../GO_data/GO_term_tables/M_MUT_and_WT_M_P30_CORT/Sst_M_MUT_and_WT_M_P30_CORT_CC_top20_gentable.csv to data frame
Adding data from ../../GO_data/GO_term_tables/M_MUT_and_WT_M_P30_CORT/Sst_M_MUT_and_WT_M_P30_CORT_MF_top20_gentable.csv to data frame
Adding data from ../../GO_data/GO_term_tables/M_MUT_and_WT_M_P30_CORT/L5_M_MUT_and_WT_M_P30_CORT_BP_top20_gentable.csv to data frame
Adding data from ../../GO_data/GO_term_tables/M_MUT_and_WT_M_P30_CORT/L5_M_MUT_and_WT_M_P30_CORT_CC_top20_gentable.csv to data frame
Adding data from ../../GO_data/GO_term_tables/M_MUT_and_WT_M_P30_CORT/L5_M_MUT_and_WT_M_P30_CORT_MF_top20_gentable.csv to data frame
Adding data from ../../GO_data/GO_term_tables/M_MUT_and_WT_M_P30_CORT/L4_M_MUT_and_WT_M_P30_CORT_BP_top20_gentable.csv to data frame
Adding data from ../../GO_data/GO_term_tables/M_MUT_and_WT_M_P30_CORT/L4_M_MUT_and_WT_M_P30_CORT_CC_top20_gentable.csv to data frame
Adding data from ../../GO_data/GO_term_tables/M_MUT_and_WT_M_P30_CORT/L4_M_MUT_and_WT_M_P30_CORT_MF_top20_gentable.csv to data frame
Adding data from ../../GO_data/GO_term_tables/M_MUT_and_WT_M_P30_CORT/Pvalb_M_MUT_and_WT_M_P30_CORT_BP_top20_gentable.csv to data frame
Adding data from ../../GO_data/GO_term_tables/M_MUT_and_WT_M_P30_CORT/Pvalb_M_MUT_and_WT_M_P30_CORT_CC_top20_gentable.csv to data frame
Adding data from ../../GO_data/GO_term_tables/M_MUT_and_WT_M_P30_CORT/Pvalb_M_MUT_and_WT_M_P30_CORT_MF_top20_gentable.csv to data frame
Adding data from ../../GO_data/GO_term_tables/M_MUT_and_WT_M_P30_CORT/Sncg_M_MUT_and_WT_M_P30_CORT_BP_top20_gentable.csv to data frame
Adding data from ../../GO_data/GO_term_tables/M_MUT_and_WT_M_P30_CORT/Sncg_M_MUT_and_WT_M_P30_CORT_CC_top20_gentable.csv to data frame
Adding data from ../../GO_data/GO_term_tables/M_MUT_and_WT_M_P30_CORT/Sncg_M_MUT_and_WT_M_P30_CORT_MF_top20_gentable.csv to data frame
Adding data from ../../GO_data/GO_term_tables/M_MUT_and_WT_M_P30_CORT/Non_neuronal_M_MUT_and_WT_M_P30_CORT_BP_top20_gentable.csv to data frame
Adding data from ../../GO_data/GO_term_tables/M_MUT_and_WT_M_P30_CORT/Non_neuronal_M_MUT_and_WT_M_P30_CORT_CC_top20_gentable.csv to data frame
Adding data from ../../GO_data/GO_term_tables/M_MUT_and_WT_M_P30_CORT/Non_neuronal_M_MUT_and_WT_M_P30_CORT_MF_top20_gentable.csv to data frame
Adding data from ../../GO_data/GO_term_tables/M_MUT_and_WT_M_P30_CORT/Oligo_M_MUT_and_WT_M_P30_CORT_BP_top20_gentable.csv to data frame
Adding data from ../../GO_data/GO_term_tables/M_MUT_and_WT_M_P30_CORT/Oligo_M_MUT_and_WT_M_P30_CORT_CC_top20_gentable.csv to data frame
Adding data from ../../GO_data/GO_term_tables/M_MUT_and_WT_M_P30_CORT/Oligo_M_MUT_and_WT_M_P30_CORT_MF_top20_gentable.csv to data frame
Adding data from ../../GO_data/GO_term_tables/M_MUT_and_WT_M_P30_CORT/Vip_M_MUT_and_WT_M_P30_CORT_BP_top20_gentable.csv to data frame
Adding data from ../../GO_data/GO_term_tables/M_MUT_and_WT_M_P30_CORT/Vip_M_MUT_and_WT_M_P30_CORT_CC_top20_gentable.csv to data frame
Adding data from ../../GO_data/GO_term_tables/M_MUT_and_WT_M_P30_CORT/Vip_M_MUT_and_WT_M_P30_CORT_MF_top20_gentable.csv to data frame
Adding data from ../../GO_data/GO_term_tables/M_MUT_and_WT_M_P30_CORT/Lamp5_M_MUT_and_WT_M_P30_CORT_BP_top20_gentable.csv to data frame
Adding data from ../../GO_data/GO_term_tables/M_MUT_and_WT_M_P30_CORT/Lamp5_M_MUT_and_WT_M_P30_CORT_CC_top20_gentable.csv to data frame
Adding data from ../../GO_data/GO_term_tables/M_MUT_and_WT_M_P30_CORT/Lamp5_M_MUT_and_WT_M_P30_CORT_MF_top20_gentable.csv to data frame
Adding data from ../../GO_data/GO_term_tables/M_MUT_and_WT_M_P30_CORT/Astro_M_MUT_and_WT_M_P30_CORT_BP_top20_gentable.csv to data frame
Adding data from ../../GO_data/GO_term_tables/M_MUT_and_WT_M_P30_CORT/Astro_M_MUT_and_WT_M_P30_CORT_CC_top20_gentable.csv to data frame
Adding data from ../../GO_data/GO_term_tables/M_MUT_and_WT_M_P30_CORT/Astro_M_MUT_and_WT_M_P30_CORT_MF_top20_gentable.csv to data frame
Adding data from ../../GO_data/GO_term_tables/M_MUT_and_WT_M_P30_CORT/Peri_M_MUT_and_WT_M_P30_CORT_BP_top20_gentable.csv to data frame
Adding data from ../../GO_data/GO_term_tables/M_MUT_and_WT_M_P30_CORT/Peri_M_MUT_and_WT_M_P30_CORT_CC_top20_gentable.csv to data frame
Adding data from ../../GO_data/GO_term_tables/M_MUT_and_WT_M_P30_CORT/Peri_M_MUT_and_WT_M_P30_CORT_MF_top20_gentable.csv to data frame
Adding data from ../../GO_data/GO_term_tables/M_MUT_and_WT_M_P30_CORT/Endo_M_MUT_and_WT_M_P30_CORT_BP_top20_gentable.csv to data frame
Adding data from ../../GO_data/GO_term_tables/M_MUT_and_WT_M_P30_CORT/Endo_M_MUT_and_WT_M_P30_CORT_CC_top20_gentable.csv to data frame
Adding data from ../../GO_data/GO_term_tables/M_MUT_and_WT_M_P30_CORT/Endo_M_MUT_and_WT_M_P30_CORT_MF_top20_gentable.csv to data frame
Adding data from ../../GO_data/GO_term_tables/M_MUT_and_WT_M_P60_CORT/L2_3_IT_M_MUT_and_WT_M_P60_CORT_BP_top20_gentable.csv to data frame
Adding data from ../../GO_data/GO_term_tables/M_MUT_and_WT_M_P60_CORT/L2_3_IT_M_MUT_and_WT_M_P60_CORT_CC_top20_gentable.csv to data frame
Adding data from ../../GO_data/GO_term_tables/M_MUT_and_WT_M_P60_CORT/L2_3_IT_M_MUT_and_WT_M_P60_CORT_MF_top20_gentable.csv to data frame
Adding data from ../../GO_data/GO_term_tables/M_MUT_and_WT_M_P60_CORT/L6_M_MUT_and_WT_M_P60_CORT_BP_top20_gentable.csv to data frame
Adding data from ../../GO_data/GO_term_tables/M_MUT_and_WT_M_P60_CORT/L6_M_MUT_and_WT_M_P60_CORT_CC_top20_gentable.csv to data frame
Adding data from ../../GO_data/GO_term_tables/M_MUT_and_WT_M_P60_CORT/L6_M_MUT_and_WT_M_P60_CORT_MF_top20_gentable.csv to data frame
Adding data from ../../GO_data/GO_term_tables/M_MUT_and_WT_M_P60_CORT/Sst_M_MUT_and_WT_M_P60_CORT_BP_top20_gentable.csv to data frame
Adding data from ../../GO_data/GO_term_tables/M_MUT_and_WT_M_P60_CORT/Sst_M_MUT_and_WT_M_P60_CORT_CC_top20_gentable.csv to data frame
Adding data from ../../GO_data/GO_term_tables/M_MUT_and_WT_M_P60_CORT/Sst_M_MUT_and_WT_M_P60_CORT_MF_top20_gentable.csv to data frame
Adding data from ../../GO_data/GO_term_tables/M_MUT_and_WT_M_P60_CORT/L5_M_MUT_and_WT_M_P60_CORT_BP_top20_gentable.csv to data frame
Adding data from ../../GO_data/GO_term_tables/M_MUT_and_WT_M_P60_CORT/L5_M_MUT_and_WT_M_P60_CORT_CC_top20_gentable.csv to data frame
Adding data from ../../GO_data/GO_term_tables/M_MUT_and_WT_M_P60_CORT/L5_M_MUT_and_WT_M_P60_CORT_MF_top20_gentable.csv to data frame
Adding data from ../../GO_data/GO_term_tables/M_MUT_and_WT_M_P60_CORT/L4_M_MUT_and_WT_M_P60_CORT_BP_top20_gentable.csv to data frame
Adding data from ../../GO_data/GO_term_tables/M_MUT_and_WT_M_P60_CORT/L4_M_MUT_and_WT_M_P60_CORT_CC_top20_gentable.csv to data frame
Adding data from ../../GO_data/GO_term_tables/M_MUT_and_WT_M_P60_CORT/L4_M_MUT_and_WT_M_P60_CORT_MF_top20_gentable.csv to data frame
Adding data from ../../GO_data/GO_term_tables/M_MUT_and_WT_M_P60_CORT/Pvalb_M_MUT_and_WT_M_P60_CORT_BP_top20_gentable.csv to data frame
Adding data from ../../GO_data/GO_term_tables/M_MUT_and_WT_M_P60_CORT/Pvalb_M_MUT_and_WT_M_P60_CORT_CC_top20_gentable.csv to data frame
Adding data from ../../GO_data/GO_term_tables/M_MUT_and_WT_M_P60_CORT/Pvalb_M_MUT_and_WT_M_P60_CORT_MF_top20_gentable.csv to data frame
Adding data from ../../GO_data/GO_term_tables/M_MUT_and_WT_M_P60_CORT/Sncg_M_MUT_and_WT_M_P60_CORT_BP_top20_gentable.csv to data frame
Adding data from ../../GO_data/GO_term_tables/M_MUT_and_WT_M_P60_CORT/Sncg_M_MUT_and_WT_M_P60_CORT_CC_top20_gentable.csv to data frame
Adding data from ../../GO_data/GO_term_tables/M_MUT_and_WT_M_P60_CORT/Sncg_M_MUT_and_WT_M_P60_CORT_MF_top20_gentable.csv to data frame
Adding data from ../../GO_data/GO_term_tables/M_MUT_and_WT_M_P60_CORT/Non_neuronal_M_MUT_and_WT_M_P60_CORT_BP_top20_gentable.csv to data frame
Adding data from ../../GO_data/GO_term_tables/M_MUT_and_WT_M_P60_CORT/Non_neuronal_M_MUT_and_WT_M_P60_CORT_CC_top20_gentable.csv to data frame
Adding data from ../../GO_data/GO_term_tables/M_MUT_and_WT_M_P60_CORT/Non_neuronal_M_MUT_and_WT_M_P60_CORT_MF_top20_gentable.csv to data frame
Adding data from ../../GO_data/GO_term_tables/M_MUT_and_WT_M_P60_CORT/Oligo_M_MUT_and_WT_M_P60_CORT_BP_top20_gentable.csv to data frame
Adding data from ../../GO_data/GO_term_tables/M_MUT_and_WT_M_P60_CORT/Oligo_M_MUT_and_WT_M_P60_CORT_CC_top20_gentable.csv to data frame
Adding data from ../../GO_data/GO_term_tables/M_MUT_and_WT_M_P60_CORT/Oligo_M_MUT_and_WT_M_P60_CORT_MF_top20_gentable.csv to data frame
Adding data from ../../GO_data/GO_term_tables/M_MUT_and_WT_M_P60_CORT/Vip_M_MUT_and_WT_M_P60_CORT_BP_top20_gentable.csv to data frame
Adding data from ../../GO_data/GO_term_tables/M_MUT_and_WT_M_P60_CORT/Vip_M_MUT_and_WT_M_P60_CORT_CC_top20_gentable.csv to data frame
Adding data from ../../GO_data/GO_term_tables/M_MUT_and_WT_M_P60_CORT/Vip_M_MUT_and_WT_M_P60_CORT_MF_top20_gentable.csv to data frame
Adding data from ../../GO_data/GO_term_tables/M_MUT_and_WT_M_P60_CORT/Lamp5_M_MUT_and_WT_M_P60_CORT_BP_top20_gentable.csv to data frame
Adding data from ../../GO_data/GO_term_tables/M_MUT_and_WT_M_P60_CORT/Lamp5_M_MUT_and_WT_M_P60_CORT_CC_top20_gentable.csv to data frame
Adding data from ../../GO_data/GO_term_tables/M_MUT_and_WT_M_P60_CORT/Lamp5_M_MUT_and_WT_M_P60_CORT_MF_top20_gentable.csv to data frame
Adding data from ../../GO_data/GO_term_tables/M_MUT_and_WT_M_P60_CORT/Astro_M_MUT_and_WT_M_P60_CORT_BP_top20_gentable.csv to data frame
Adding data from ../../GO_data/GO_term_tables/M_MUT_and_WT_M_P60_CORT/Astro_M_MUT_and_WT_M_P60_CORT_CC_top20_gentable.csv to data frame
Adding data from ../../GO_data/GO_term_tables/M_MUT_and_WT_M_P60_CORT/Astro_M_MUT_and_WT_M_P60_CORT_MF_top20_gentable.csv to data frame
Adding data from ../../GO_data/GO_term_tables/M_MUT_and_WT_M_P60_CORT/Peri_M_MUT_and_WT_M_P60_CORT_BP_top20_gentable.csv to data frame
Adding data from ../../GO_data/GO_term_tables/M_MUT_and_WT_M_P60_CORT/Peri_M_MUT_and_WT_M_P60_CORT_CC_top20_gentable.csv to data frame
Adding data from ../../GO_data/GO_term_tables/M_MUT_and_WT_M_P60_CORT/Peri_M_MUT_and_WT_M_P60_CORT_MF_top20_gentable.csv to data frame
Adding data from ../../GO_data/GO_term_tables/M_MUT_and_WT_M_P60_CORT/Endo_M_MUT_and_WT_M_P60_CORT_BP_top20_gentable.csv to data frame
Adding data from ../../GO_data/GO_term_tables/M_MUT_and_WT_M_P60_CORT/Endo_M_MUT_and_WT_M_P60_CORT_CC_top20_gentable.csv to data frame
Adding data from ../../GO_data/GO_term_tables/M_MUT_and_WT_M_P60_CORT/Endo_M_MUT_and_WT_M_P60_CORT_MF_top20_gentable.csv to data frame
Adding data from ../../GO_data/GO_term_tables/M_MUT_and_WT_M_P120_CORT/L2_3_IT_M_MUT_and_WT_M_P120_CORT_BP_top20_gentable.csv to data frame
Adding data from ../../GO_data/GO_term_tables/M_MUT_and_WT_M_P120_CORT/L2_3_IT_M_MUT_and_WT_M_P120_CORT_CC_top20_gentable.csv to data frame
Adding data from ../../GO_data/GO_term_tables/M_MUT_and_WT_M_P120_CORT/L2_3_IT_M_MUT_and_WT_M_P120_CORT_MF_top20_gentable.csv to data frame
Adding data from ../../GO_data/GO_term_tables/M_MUT_and_WT_M_P120_CORT/L6_M_MUT_and_WT_M_P120_CORT_BP_top20_gentable.csv to data frame
Adding data from ../../GO_data/GO_term_tables/M_MUT_and_WT_M_P120_CORT/L6_M_MUT_and_WT_M_P120_CORT_CC_top20_gentable.csv to data frame
Adding data from ../../GO_data/GO_term_tables/M_MUT_and_WT_M_P120_CORT/L6_M_MUT_and_WT_M_P120_CORT_MF_top20_gentable.csv to data frame
Adding data from ../../GO_data/GO_term_tables/M_MUT_and_WT_M_P120_CORT/Sst_M_MUT_and_WT_M_P120_CORT_BP_top20_gentable.csv to data frame
Adding data from ../../GO_data/GO_term_tables/M_MUT_and_WT_M_P120_CORT/Sst_M_MUT_and_WT_M_P120_CORT_CC_top20_gentable.csv to data frame
Adding data from ../../GO_data/GO_term_tables/M_MUT_and_WT_M_P120_CORT/Sst_M_MUT_and_WT_M_P120_CORT_MF_top20_gentable.csv to data frame
Adding data from ../../GO_data/GO_term_tables/M_MUT_and_WT_M_P120_CORT/L5_M_MUT_and_WT_M_P120_CORT_BP_top20_gentable.csv to data frame
Adding data from ../../GO_data/GO_term_tables/M_MUT_and_WT_M_P120_CORT/L5_M_MUT_and_WT_M_P120_CORT_CC_top20_gentable.csv to data frame
Adding data from ../../GO_data/GO_term_tables/M_MUT_and_WT_M_P120_CORT/L5_M_MUT_and_WT_M_P120_CORT_MF_top20_gentable.csv to data frame
Adding data from ../../GO_data/GO_term_tables/M_MUT_and_WT_M_P120_CORT/L4_M_MUT_and_WT_M_P120_CORT_BP_top20_gentable.csv to data frame
Adding data from ../../GO_data/GO_term_tables/M_MUT_and_WT_M_P120_CORT/L4_M_MUT_and_WT_M_P120_CORT_CC_top20_gentable.csv to data frame
Adding data from ../../GO_data/GO_term_tables/M_MUT_and_WT_M_P120_CORT/L4_M_MUT_and_WT_M_P120_CORT_MF_top20_gentable.csv to data frame
Adding data from ../../GO_data/GO_term_tables/M_MUT_and_WT_M_P120_CORT/Pvalb_M_MUT_and_WT_M_P120_CORT_BP_top20_gentable.csv to data frame
Adding data from ../../GO_data/GO_term_tables/M_MUT_and_WT_M_P120_CORT/Pvalb_M_MUT_and_WT_M_P120_CORT_CC_top20_gentable.csv to data frame
Adding data from ../../GO_data/GO_term_tables/M_MUT_and_WT_M_P120_CORT/Pvalb_M_MUT_and_WT_M_P120_CORT_MF_top20_gentable.csv to data frame
Adding data from ../../GO_data/GO_term_tables/M_MUT_and_WT_M_P120_CORT/Sncg_M_MUT_and_WT_M_P120_CORT_BP_top20_gentable.csv to data frame
Adding data from ../../GO_data/GO_term_tables/M_MUT_and_WT_M_P120_CORT/Sncg_M_MUT_and_WT_M_P120_CORT_CC_top20_gentable.csv to data frame
Adding data from ../../GO_data/GO_term_tables/M_MUT_and_WT_M_P120_CORT/Sncg_M_MUT_and_WT_M_P120_CORT_MF_top20_gentable.csv to data frame
Adding data from ../../GO_data/GO_term_tables/M_MUT_and_WT_M_P120_CORT/Non_neuronal_M_MUT_and_WT_M_P120_CORT_BP_top20_gentable.csv to data frame
Adding data from ../../GO_data/GO_term_tables/M_MUT_and_WT_M_P120_CORT/Non_neuronal_M_MUT_and_WT_M_P120_CORT_CC_top20_gentable.csv to data frame
Adding data from ../../GO_data/GO_term_tables/M_MUT_and_WT_M_P120_CORT/Non_neuronal_M_MUT_and_WT_M_P120_CORT_MF_top20_gentable.csv to data frame
Adding data from ../../GO_data/GO_term_tables/M_MUT_and_WT_M_P120_CORT/Oligo_M_MUT_and_WT_M_P120_CORT_BP_top20_gentable.csv to data frame
Adding data from ../../GO_data/GO_term_tables/M_MUT_and_WT_M_P120_CORT/Oligo_M_MUT_and_WT_M_P120_CORT_CC_top20_gentable.csv to data frame
Adding data from ../../GO_data/GO_term_tables/M_MUT_and_WT_M_P120_CORT/Oligo_M_MUT_and_WT_M_P120_CORT_MF_top20_gentable.csv to data frame
Adding data from ../../GO_data/GO_term_tables/M_MUT_and_WT_M_P120_CORT/Vip_M_MUT_and_WT_M_P120_CORT_BP_top20_gentable.csv to data frame
Adding data from ../../GO_data/GO_term_tables/M_MUT_and_WT_M_P120_CORT/Vip_M_MUT_and_WT_M_P120_CORT_CC_top20_gentable.csv to data frame
Adding data from ../../GO_data/GO_term_tables/M_MUT_and_WT_M_P120_CORT/Vip_M_MUT_and_WT_M_P120_CORT_MF_top20_gentable.csv to data frame
Adding data from ../../GO_data/GO_term_tables/M_MUT_and_WT_M_P120_CORT/Lamp5_M_MUT_and_WT_M_P120_CORT_BP_top20_gentable.csv to data frame
Adding data from ../../GO_data/GO_term_tables/M_MUT_and_WT_M_P120_CORT/Lamp5_M_MUT_and_WT_M_P120_CORT_CC_top20_gentable.csv to data frame
Adding data from ../../GO_data/GO_term_tables/M_MUT_and_WT_M_P120_CORT/Lamp5_M_MUT_and_WT_M_P120_CORT_MF_top20_gentable.csv to data frame
Adding data from ../../GO_data/GO_term_tables/M_MUT_and_WT_M_P120_CORT/Astro_M_MUT_and_WT_M_P120_CORT_BP_top20_gentable.csv to data frame
Adding data from ../../GO_data/GO_term_tables/M_MUT_and_WT_M_P120_CORT/Astro_M_MUT_and_WT_M_P120_CORT_CC_top20_gentable.csv to data frame
Adding data from ../../GO_data/GO_term_tables/M_MUT_and_WT_M_P120_CORT/Astro_M_MUT_and_WT_M_P120_CORT_MF_top20_gentable.csv to data frame
Adding data from ../../GO_data/GO_term_tables/M_MUT_and_WT_M_P120_CORT/Peri_M_MUT_and_WT_M_P120_CORT_BP_top20_gentable.csv to data frame
Adding data from ../../GO_data/GO_term_tables/M_MUT_and_WT_M_P120_CORT/Peri_M_MUT_and_WT_M_P120_CORT_CC_top20_gentable.csv to data frame
Adding data from ../../GO_data/GO_term_tables/M_MUT_and_WT_M_P120_CORT/Peri_M_MUT_and_WT_M_P120_CORT_MF_top20_gentable.csv to data frame
Adding data from ../../GO_data/GO_term_tables/M_MUT_and_WT_M_P120_CORT/Endo_M_MUT_and_WT_M_P120_CORT_BP_top20_gentable.csv to data frame
Adding data from ../../GO_data/GO_term_tables/M_MUT_and_WT_M_P120_CORT/Endo_M_MUT_and_WT_M_P120_CORT_CC_top20_gentable.csv to data frame
Adding data from ../../GO_data/GO_term_tables/M_MUT_and_WT_M_P120_CORT/Endo_M_MUT_and_WT_M_P120_CORT_MF_top20_gentable.csv to data frame
Adding data from ../../GO_data/GO_term_tables/M_MUT_and_WT_M_E18_WB/L2_3_IT_M_MUT_and_WT_M_E18_WB_BP_top5_gentable.csv to data frame
Adding data from ../../GO_data/GO_term_tables/M_MUT_and_WT_M_E18_WB/L2_3_IT_M_MUT_and_WT_M_E18_WB_CC_top5_gentable.csv to data frame
Adding data from ../../GO_data/GO_term_tables/M_MUT_and_WT_M_E18_WB/L2_3_IT_M_MUT_and_WT_M_E18_WB_MF_top5_gentable.csv to data frame
Adding data from ../../GO_data/GO_term_tables/M_MUT_and_WT_M_E18_WB/L6_M_MUT_and_WT_M_E18_WB_BP_top5_gentable.csv to data frame
Adding data from ../../GO_data/GO_term_tables/M_MUT_and_WT_M_E18_WB/L6_M_MUT_and_WT_M_E18_WB_CC_top5_gentable.csv to data frame
Adding data from ../../GO_data/GO_term_tables/M_MUT_and_WT_M_E18_WB/L6_M_MUT_and_WT_M_E18_WB_MF_top5_gentable.csv to data frame
Adding data from ../../GO_data/GO_term_tables/M_MUT_and_WT_M_E18_WB/Sst_M_MUT_and_WT_M_E18_WB_BP_top5_gentable.csv to data frame
Adding data from ../../GO_data/GO_term_tables/M_MUT_and_WT_M_E18_WB/Sst_M_MUT_and_WT_M_E18_WB_CC_top5_gentable.csv to data frame
Adding data from ../../GO_data/GO_term_tables/M_MUT_and_WT_M_E18_WB/Sst_M_MUT_and_WT_M_E18_WB_MF_top5_gentable.csv to data frame
Adding data from ../../GO_data/GO_term_tables/M_MUT_and_WT_M_E18_WB/L5_M_MUT_and_WT_M_E18_WB_BP_top5_gentable.csv to data frame
Adding data from ../../GO_data/GO_term_tables/M_MUT_and_WT_M_E18_WB/L5_M_MUT_and_WT_M_E18_WB_CC_top5_gentable.csv to data frame
Adding data from ../../GO_data/GO_term_tables/M_MUT_and_WT_M_E18_WB/L5_M_MUT_and_WT_M_E18_WB_MF_top5_gentable.csv to data frame
Adding data from ../../GO_data/GO_term_tables/M_MUT_and_WT_M_E18_WB/L4_M_MUT_and_WT_M_E18_WB_BP_top5_gentable.csv to data frame
Adding data from ../../GO_data/GO_term_tables/M_MUT_and_WT_M_E18_WB/L4_M_MUT_and_WT_M_E18_WB_CC_top5_gentable.csv to data frame
Adding data from ../../GO_data/GO_term_tables/M_MUT_and_WT_M_E18_WB/L4_M_MUT_and_WT_M_E18_WB_MF_top5_gentable.csv to data frame
Adding data from ../../GO_data/GO_term_tables/M_MUT_and_WT_M_E18_WB/Pvalb_M_MUT_and_WT_M_E18_WB_BP_top5_gentable.csv to data frame
Adding data from ../../GO_data/GO_term_tables/M_MUT_and_WT_M_E18_WB/Pvalb_M_MUT_and_WT_M_E18_WB_CC_top5_gentable.csv to data frame
Adding data from ../../GO_data/GO_term_tables/M_MUT_and_WT_M_E18_WB/Pvalb_M_MUT_and_WT_M_E18_WB_MF_top5_gentable.csv to data frame
Adding data from ../../GO_data/GO_term_tables/M_MUT_and_WT_M_E18_WB/Sncg_M_MUT_and_WT_M_E18_WB_BP_top5_gentable.csv to data frame
Adding data from ../../GO_data/GO_term_tables/M_MUT_and_WT_M_E18_WB/Sncg_M_MUT_and_WT_M_E18_WB_CC_top5_gentable.csv to data frame
Adding data from ../../GO_data/GO_term_tables/M_MUT_and_WT_M_E18_WB/Sncg_M_MUT_and_WT_M_E18_WB_MF_top5_gentable.csv to data frame
Adding data from ../../GO_data/GO_term_tables/M_MUT_and_WT_M_E18_WB/Non_neuronal_M_MUT_and_WT_M_E18_WB_BP_top5_gentable.csv to data frame
Adding data from ../../GO_data/GO_term_tables/M_MUT_and_WT_M_E18_WB/Non_neuronal_M_MUT_and_WT_M_E18_WB_CC_top5_gentable.csv to data frame
Adding data from ../../GO_data/GO_term_tables/M_MUT_and_WT_M_E18_WB/Non_neuronal_M_MUT_and_WT_M_E18_WB_MF_top5_gentable.csv to data frame
Adding data from ../../GO_data/GO_term_tables/M_MUT_and_WT_M_E18_WB/Oligo_M_MUT_and_WT_M_E18_WB_BP_top5_gentable.csv to data frame
Adding data from ../../GO_data/GO_term_tables/M_MUT_and_WT_M_E18_WB/Oligo_M_MUT_and_WT_M_E18_WB_CC_top5_gentable.csv to data frame
Adding data from ../../GO_data/GO_term_tables/M_MUT_and_WT_M_E18_WB/Oligo_M_MUT_and_WT_M_E18_WB_MF_top5_gentable.csv to data frame
Adding data from ../../GO_data/GO_term_tables/M_MUT_and_WT_M_E18_WB/Vip_M_MUT_and_WT_M_E18_WB_BP_top5_gentable.csv to data frame
Adding data from ../../GO_data/GO_term_tables/M_MUT_and_WT_M_E18_WB/Vip_M_MUT_and_WT_M_E18_WB_CC_top5_gentable.csv to data frame
Adding data from ../../GO_data/GO_term_tables/M_MUT_and_WT_M_E18_WB/Vip_M_MUT_and_WT_M_E18_WB_MF_top5_gentable.csv to data frame
Adding data from ../../GO_data/GO_term_tables/M_MUT_and_WT_M_E18_WB/Lamp5_M_MUT_and_WT_M_E18_WB_BP_top5_gentable.csv to data frame
Adding data from ../../GO_data/GO_term_tables/M_MUT_and_WT_M_E18_WB/Lamp5_M_MUT_and_WT_M_E18_WB_CC_top5_gentable.csv to data frame
Adding data from ../../GO_data/GO_term_tables/M_MUT_and_WT_M_E18_WB/Lamp5_M_MUT_and_WT_M_E18_WB_MF_top5_gentable.csv to data frame
Adding data from ../../GO_data/GO_term_tables/M_MUT_and_WT_M_E18_WB/Astro_M_MUT_and_WT_M_E18_WB_BP_top5_gentable.csv to data frame
Adding data from ../../GO_data/GO_term_tables/M_MUT_and_WT_M_E18_WB/Astro_M_MUT_and_WT_M_E18_WB_CC_top5_gentable.csv to data frame
Adding data from ../../GO_data/GO_term_tables/M_MUT_and_WT_M_E18_WB/Astro_M_MUT_and_WT_M_E18_WB_MF_top5_gentable.csv to data frame
Adding data from ../../GO_data/GO_term_tables/M_MUT_and_WT_M_E18_WB/Peri_M_MUT_and_WT_M_E18_WB_BP_top5_gentable.csv to data frame
Adding data from ../../GO_data/GO_term_tables/M_MUT_and_WT_M_E18_WB/Peri_M_MUT_and_WT_M_E18_WB_CC_top5_gentable.csv to data frame
Adding data from ../../GO_data/GO_term_tables/M_MUT_and_WT_M_E18_WB/Peri_M_MUT_and_WT_M_E18_WB_MF_top5_gentable.csv to data frame
Adding data from ../../GO_data/GO_term_tables/M_MUT_and_WT_M_E18_WB/Endo_M_MUT_and_WT_M_E18_WB_BP_top5_gentable.csv to data frame
Adding data from ../../GO_data/GO_term_tables/M_MUT_and_WT_M_E18_WB/Endo_M_MUT_and_WT_M_E18_WB_CC_top5_gentable.csv to data frame
Adding data from ../../GO_data/GO_term_tables/M_MUT_and_WT_M_E18_WB/Endo_M_MUT_and_WT_M_E18_WB_MF_top5_gentable.csv to data frame
Adding data from ../../GO_data/GO_term_tables/M_MUT_and_WT_M_P30_CORT/L2_3_IT_M_MUT_and_WT_M_P30_CORT_BP_top5_gentable.csv to data frame
Adding data from ../../GO_data/GO_term_tables/M_MUT_and_WT_M_P30_CORT/L2_3_IT_M_MUT_and_WT_M_P30_CORT_CC_top5_gentable.csv to data frame
Adding data from ../../GO_data/GO_term_tables/M_MUT_and_WT_M_P30_CORT/L2_3_IT_M_MUT_and_WT_M_P30_CORT_MF_top5_gentable.csv to data frame
Adding data from ../../GO_data/GO_term_tables/M_MUT_and_WT_M_P30_CORT/L6_M_MUT_and_WT_M_P30_CORT_BP_top5_gentable.csv to data frame
Adding data from ../../GO_data/GO_term_tables/M_MUT_and_WT_M_P30_CORT/L6_M_MUT_and_WT_M_P30_CORT_CC_top5_gentable.csv to data frame
Adding data from ../../GO_data/GO_term_tables/M_MUT_and_WT_M_P30_CORT/L6_M_MUT_and_WT_M_P30_CORT_MF_top5_gentable.csv to data frame
Adding data from ../../GO_data/GO_term_tables/M_MUT_and_WT_M_P30_CORT/Sst_M_MUT_and_WT_M_P30_CORT_BP_top5_gentable.csv to data frame
Adding data from ../../GO_data/GO_term_tables/M_MUT_and_WT_M_P30_CORT/Sst_M_MUT_and_WT_M_P30_CORT_CC_top5_gentable.csv to data frame
Adding data from ../../GO_data/GO_term_tables/M_MUT_and_WT_M_P30_CORT/Sst_M_MUT_and_WT_M_P30_CORT_MF_top5_gentable.csv to data frame
Adding data from ../../GO_data/GO_term_tables/M_MUT_and_WT_M_P30_CORT/L5_M_MUT_and_WT_M_P30_CORT_BP_top5_gentable.csv to data frame
Adding data from ../../GO_data/GO_term_tables/M_MUT_and_WT_M_P30_CORT/L5_M_MUT_and_WT_M_P30_CORT_CC_top5_gentable.csv to data frame
Adding data from ../../GO_data/GO_term_tables/M_MUT_and_WT_M_P30_CORT/L5_M_MUT_and_WT_M_P30_CORT_MF_top5_gentable.csv to data frame
Adding data from ../../GO_data/GO_term_tables/M_MUT_and_WT_M_P30_CORT/L4_M_MUT_and_WT_M_P30_CORT_BP_top5_gentable.csv to data frame
Adding data from ../../GO_data/GO_term_tables/M_MUT_and_WT_M_P30_CORT/L4_M_MUT_and_WT_M_P30_CORT_CC_top5_gentable.csv to data frame
Adding data from ../../GO_data/GO_term_tables/M_MUT_and_WT_M_P30_CORT/L4_M_MUT_and_WT_M_P30_CORT_MF_top5_gentable.csv to data frame
Adding data from ../../GO_data/GO_term_tables/M_MUT_and_WT_M_P30_CORT/Pvalb_M_MUT_and_WT_M_P30_CORT_BP_top5_gentable.csv to data frame
Adding data from ../../GO_data/GO_term_tables/M_MUT_and_WT_M_P30_CORT/Pvalb_M_MUT_and_WT_M_P30_CORT_CC_top5_gentable.csv to data frame
Adding data from ../../GO_data/GO_term_tables/M_MUT_and_WT_M_P30_CORT/Pvalb_M_MUT_and_WT_M_P30_CORT_MF_top5_gentable.csv to data frame
Adding data from ../../GO_data/GO_term_tables/M_MUT_and_WT_M_P30_CORT/Sncg_M_MUT_and_WT_M_P30_CORT_BP_top5_gentable.csv to data frame
Adding data from ../../GO_data/GO_term_tables/M_MUT_and_WT_M_P30_CORT/Sncg_M_MUT_and_WT_M_P30_CORT_CC_top5_gentable.csv to data frame
Adding data from ../../GO_data/GO_term_tables/M_MUT_and_WT_M_P30_CORT/Sncg_M_MUT_and_WT_M_P30_CORT_MF_top5_gentable.csv to data frame
Adding data from ../../GO_data/GO_term_tables/M_MUT_and_WT_M_P30_CORT/Non_neuronal_M_MUT_and_WT_M_P30_CORT_BP_top5_gentable.csv to data frame
Adding data from ../../GO_data/GO_term_tables/M_MUT_and_WT_M_P30_CORT/Non_neuronal_M_MUT_and_WT_M_P30_CORT_CC_top5_gentable.csv to data frame
Adding data from ../../GO_data/GO_term_tables/M_MUT_and_WT_M_P30_CORT/Non_neuronal_M_MUT_and_WT_M_P30_CORT_MF_top5_gentable.csv to data frame
Adding data from ../../GO_data/GO_term_tables/M_MUT_and_WT_M_P30_CORT/Oligo_M_MUT_and_WT_M_P30_CORT_BP_top5_gentable.csv to data frame
Adding data from ../../GO_data/GO_term_tables/M_MUT_and_WT_M_P30_CORT/Oligo_M_MUT_and_WT_M_P30_CORT_CC_top5_gentable.csv to data frame
Adding data from ../../GO_data/GO_term_tables/M_MUT_and_WT_M_P30_CORT/Oligo_M_MUT_and_WT_M_P30_CORT_MF_top5_gentable.csv to data frame
Adding data from ../../GO_data/GO_term_tables/M_MUT_and_WT_M_P30_CORT/Vip_M_MUT_and_WT_M_P30_CORT_BP_top5_gentable.csv to data frame
Adding data from ../../GO_data/GO_term_tables/M_MUT_and_WT_M_P30_CORT/Vip_M_MUT_and_WT_M_P30_CORT_CC_top5_gentable.csv to data frame
Adding data from ../../GO_data/GO_term_tables/M_MUT_and_WT_M_P30_CORT/Vip_M_MUT_and_WT_M_P30_CORT_MF_top5_gentable.csv to data frame
Adding data from ../../GO_data/GO_term_tables/M_MUT_and_WT_M_P30_CORT/Lamp5_M_MUT_and_WT_M_P30_CORT_BP_top5_gentable.csv to data frame
Adding data from ../../GO_data/GO_term_tables/M_MUT_and_WT_M_P30_CORT/Lamp5_M_MUT_and_WT_M_P30_CORT_CC_top5_gentable.csv to data frame
Adding data from ../../GO_data/GO_term_tables/M_MUT_and_WT_M_P30_CORT/Lamp5_M_MUT_and_WT_M_P30_CORT_MF_top5_gentable.csv to data frame
Adding data from ../../GO_data/GO_term_tables/M_MUT_and_WT_M_P30_CORT/Astro_M_MUT_and_WT_M_P30_CORT_BP_top5_gentable.csv to data frame
Adding data from ../../GO_data/GO_term_tables/M_MUT_and_WT_M_P30_CORT/Astro_M_MUT_and_WT_M_P30_CORT_CC_top5_gentable.csv to data frame
Adding data from ../../GO_data/GO_term_tables/M_MUT_and_WT_M_P30_CORT/Astro_M_MUT_and_WT_M_P30_CORT_MF_top5_gentable.csv to data frame
Adding data from ../../GO_data/GO_term_tables/M_MUT_and_WT_M_P30_CORT/Peri_M_MUT_and_WT_M_P30_CORT_BP_top5_gentable.csv to data frame
Adding data from ../../GO_data/GO_term_tables/M_MUT_and_WT_M_P30_CORT/Peri_M_MUT_and_WT_M_P30_CORT_CC_top5_gentable.csv to data frame
Adding data from ../../GO_data/GO_term_tables/M_MUT_and_WT_M_P30_CORT/Peri_M_MUT_and_WT_M_P30_CORT_MF_top5_gentable.csv to data frame
Adding data from ../../GO_data/GO_term_tables/M_MUT_and_WT_M_P30_CORT/Endo_M_MUT_and_WT_M_P30_CORT_BP_top5_gentable.csv to data frame
Adding data from ../../GO_data/GO_term_tables/M_MUT_and_WT_M_P30_CORT/Endo_M_MUT_and_WT_M_P30_CORT_CC_top5_gentable.csv to data frame
Adding data from ../../GO_data/GO_term_tables/M_MUT_and_WT_M_P30_CORT/Endo_M_MUT_and_WT_M_P30_CORT_MF_top5_gentable.csv to data frame
Adding data from ../../GO_data/GO_term_tables/M_MUT_and_WT_M_P60_CORT/L2_3_IT_M_MUT_and_WT_M_P60_CORT_BP_top5_gentable.csv to data frame
Adding data from ../../GO_data/GO_term_tables/M_MUT_and_WT_M_P60_CORT/L2_3_IT_M_MUT_and_WT_M_P60_CORT_CC_top5_gentable.csv to data frame
Adding data from ../../GO_data/GO_term_tables/M_MUT_and_WT_M_P60_CORT/L2_3_IT_M_MUT_and_WT_M_P60_CORT_MF_top5_gentable.csv to data frame
Adding data from ../../GO_data/GO_term_tables/M_MUT_and_WT_M_P60_CORT/L6_M_MUT_and_WT_M_P60_CORT_BP_top5_gentable.csv to data frame
Adding data from ../../GO_data/GO_term_tables/M_MUT_and_WT_M_P60_CORT/L6_M_MUT_and_WT_M_P60_CORT_CC_top5_gentable.csv to data frame
Adding data from ../../GO_data/GO_term_tables/M_MUT_and_WT_M_P60_CORT/L6_M_MUT_and_WT_M_P60_CORT_MF_top5_gentable.csv to data frame
Adding data from ../../GO_data/GO_term_tables/M_MUT_and_WT_M_P60_CORT/Sst_M_MUT_and_WT_M_P60_CORT_BP_top5_gentable.csv to data frame
Adding data from ../../GO_data/GO_term_tables/M_MUT_and_WT_M_P60_CORT/Sst_M_MUT_and_WT_M_P60_CORT_CC_top5_gentable.csv to data frame
Adding data from ../../GO_data/GO_term_tables/M_MUT_and_WT_M_P60_CORT/Sst_M_MUT_and_WT_M_P60_CORT_MF_top5_gentable.csv to data frame
Adding data from ../../GO_data/GO_term_tables/M_MUT_and_WT_M_P60_CORT/L5_M_MUT_and_WT_M_P60_CORT_BP_top5_gentable.csv to data frame
Adding data from ../../GO_data/GO_term_tables/M_MUT_and_WT_M_P60_CORT/L5_M_MUT_and_WT_M_P60_CORT_CC_top5_gentable.csv to data frame
Adding data from ../../GO_data/GO_term_tables/M_MUT_and_WT_M_P60_CORT/L5_M_MUT_and_WT_M_P60_CORT_MF_top5_gentable.csv to data frame
Adding data from ../../GO_data/GO_term_tables/M_MUT_and_WT_M_P60_CORT/L4_M_MUT_and_WT_M_P60_CORT_BP_top5_gentable.csv to data frame
Adding data from ../../GO_data/GO_term_tables/M_MUT_and_WT_M_P60_CORT/L4_M_MUT_and_WT_M_P60_CORT_CC_top5_gentable.csv to data frame
Adding data from ../../GO_data/GO_term_tables/M_MUT_and_WT_M_P60_CORT/L4_M_MUT_and_WT_M_P60_CORT_MF_top5_gentable.csv to data frame
Adding data from ../../GO_data/GO_term_tables/M_MUT_and_WT_M_P60_CORT/Pvalb_M_MUT_and_WT_M_P60_CORT_BP_top5_gentable.csv to data frame
Adding data from ../../GO_data/GO_term_tables/M_MUT_and_WT_M_P60_CORT/Pvalb_M_MUT_and_WT_M_P60_CORT_CC_top5_gentable.csv to data frame
Adding data from ../../GO_data/GO_term_tables/M_MUT_and_WT_M_P60_CORT/Pvalb_M_MUT_and_WT_M_P60_CORT_MF_top5_gentable.csv to data frame
Adding data from ../../GO_data/GO_term_tables/M_MUT_and_WT_M_P60_CORT/Sncg_M_MUT_and_WT_M_P60_CORT_BP_top5_gentable.csv to data frame
Adding data from ../../GO_data/GO_term_tables/M_MUT_and_WT_M_P60_CORT/Sncg_M_MUT_and_WT_M_P60_CORT_CC_top5_gentable.csv to data frame
Adding data from ../../GO_data/GO_term_tables/M_MUT_and_WT_M_P60_CORT/Sncg_M_MUT_and_WT_M_P60_CORT_MF_top5_gentable.csv to data frame
Adding data from ../../GO_data/GO_term_tables/M_MUT_and_WT_M_P60_CORT/Non_neuronal_M_MUT_and_WT_M_P60_CORT_BP_top5_gentable.csv to data frame
Adding data from ../../GO_data/GO_term_tables/M_MUT_and_WT_M_P60_CORT/Non_neuronal_M_MUT_and_WT_M_P60_CORT_CC_top5_gentable.csv to data frame
Adding data from ../../GO_data/GO_term_tables/M_MUT_and_WT_M_P60_CORT/Non_neuronal_M_MUT_and_WT_M_P60_CORT_MF_top5_gentable.csv to data frame
Adding data from ../../GO_data/GO_term_tables/M_MUT_and_WT_M_P60_CORT/Oligo_M_MUT_and_WT_M_P60_CORT_BP_top5_gentable.csv to data frame
Adding data from ../../GO_data/GO_term_tables/M_MUT_and_WT_M_P60_CORT/Oligo_M_MUT_and_WT_M_P60_CORT_CC_top5_gentable.csv to data frame
Adding data from ../../GO_data/GO_term_tables/M_MUT_and_WT_M_P60_CORT/Oligo_M_MUT_and_WT_M_P60_CORT_MF_top5_gentable.csv to data frame
Adding data from ../../GO_data/GO_term_tables/M_MUT_and_WT_M_P60_CORT/Vip_M_MUT_and_WT_M_P60_CORT_BP_top5_gentable.csv to data frame
Adding data from ../../GO_data/GO_term_tables/M_MUT_and_WT_M_P60_CORT/Vip_M_MUT_and_WT_M_P60_CORT_CC_top5_gentable.csv to data frame
Adding data from ../../GO_data/GO_term_tables/M_MUT_and_WT_M_P60_CORT/Vip_M_MUT_and_WT_M_P60_CORT_MF_top5_gentable.csv to data frame
Adding data from ../../GO_data/GO_term_tables/M_MUT_and_WT_M_P60_CORT/Lamp5_M_MUT_and_WT_M_P60_CORT_BP_top5_gentable.csv to data frame
Adding data from ../../GO_data/GO_term_tables/M_MUT_and_WT_M_P60_CORT/Lamp5_M_MUT_and_WT_M_P60_CORT_CC_top5_gentable.csv to data frame
Adding data from ../../GO_data/GO_term_tables/M_MUT_and_WT_M_P60_CORT/Lamp5_M_MUT_and_WT_M_P60_CORT_MF_top5_gentable.csv to data frame
Adding data from ../../GO_data/GO_term_tables/M_MUT_and_WT_M_P60_CORT/Astro_M_MUT_and_WT_M_P60_CORT_BP_top5_gentable.csv to data frame
Adding data from ../../GO_data/GO_term_tables/M_MUT_and_WT_M_P60_CORT/Astro_M_MUT_and_WT_M_P60_CORT_CC_top5_gentable.csv to data frame
Adding data from ../../GO_data/GO_term_tables/M_MUT_and_WT_M_P60_CORT/Astro_M_MUT_and_WT_M_P60_CORT_MF_top5_gentable.csv to data frame
Adding data from ../../GO_data/GO_term_tables/M_MUT_and_WT_M_P60_CORT/Peri_M_MUT_and_WT_M_P60_CORT_BP_top5_gentable.csv to data frame
Adding data from ../../GO_data/GO_term_tables/M_MUT_and_WT_M_P60_CORT/Peri_M_MUT_and_WT_M_P60_CORT_CC_top5_gentable.csv to data frame
Adding data from ../../GO_data/GO_term_tables/M_MUT_and_WT_M_P60_CORT/Peri_M_MUT_and_WT_M_P60_CORT_MF_top5_gentable.csv to data frame
Adding data from ../../GO_data/GO_term_tables/M_MUT_and_WT_M_P60_CORT/Endo_M_MUT_and_WT_M_P60_CORT_BP_top5_gentable.csv to data frame
Adding data from ../../GO_data/GO_term_tables/M_MUT_and_WT_M_P60_CORT/Endo_M_MUT_and_WT_M_P60_CORT_CC_top5_gentable.csv to data frame
Adding data from ../../GO_data/GO_term_tables/M_MUT_and_WT_M_P60_CORT/Endo_M_MUT_and_WT_M_P60_CORT_MF_top5_gentable.csv to data frame
Adding data from ../../GO_data/GO_term_tables/M_MUT_and_WT_M_P120_CORT/L2_3_IT_M_MUT_and_WT_M_P120_CORT_BP_top5_gentable.csv to data frame
Adding data from ../../GO_data/GO_term_tables/M_MUT_and_WT_M_P120_CORT/L2_3_IT_M_MUT_and_WT_M_P120_CORT_CC_top5_gentable.csv to data frame
Adding data from ../../GO_data/GO_term_tables/M_MUT_and_WT_M_P120_CORT/L2_3_IT_M_MUT_and_WT_M_P120_CORT_MF_top5_gentable.csv to data frame
Adding data from ../../GO_data/GO_term_tables/M_MUT_and_WT_M_P120_CORT/L6_M_MUT_and_WT_M_P120_CORT_BP_top5_gentable.csv to data frame
Adding data from ../../GO_data/GO_term_tables/M_MUT_and_WT_M_P120_CORT/L6_M_MUT_and_WT_M_P120_CORT_CC_top5_gentable.csv to data frame
Adding data from ../../GO_data/GO_term_tables/M_MUT_and_WT_M_P120_CORT/L6_M_MUT_and_WT_M_P120_CORT_MF_top5_gentable.csv to data frame
Adding data from ../../GO_data/GO_term_tables/M_MUT_and_WT_M_P120_CORT/Sst_M_MUT_and_WT_M_P120_CORT_BP_top5_gentable.csv to data frame
Adding data from ../../GO_data/GO_term_tables/M_MUT_and_WT_M_P120_CORT/Sst_M_MUT_and_WT_M_P120_CORT_CC_top5_gentable.csv to data frame
Adding data from ../../GO_data/GO_term_tables/M_MUT_and_WT_M_P120_CORT/Sst_M_MUT_and_WT_M_P120_CORT_MF_top5_gentable.csv to data frame
Adding data from ../../GO_data/GO_term_tables/M_MUT_and_WT_M_P120_CORT/L5_M_MUT_and_WT_M_P120_CORT_BP_top5_gentable.csv to data frame
Adding data from ../../GO_data/GO_term_tables/M_MUT_and_WT_M_P120_CORT/L5_M_MUT_and_WT_M_P120_CORT_CC_top5_gentable.csv to data frame
Adding data from ../../GO_data/GO_term_tables/M_MUT_and_WT_M_P120_CORT/L5_M_MUT_and_WT_M_P120_CORT_MF_top5_gentable.csv to data frame
Adding data from ../../GO_data/GO_term_tables/M_MUT_and_WT_M_P120_CORT/L4_M_MUT_and_WT_M_P120_CORT_BP_top5_gentable.csv to data frame
Adding data from ../../GO_data/GO_term_tables/M_MUT_and_WT_M_P120_CORT/L4_M_MUT_and_WT_M_P120_CORT_CC_top5_gentable.csv to data frame
Adding data from ../../GO_data/GO_term_tables/M_MUT_and_WT_M_P120_CORT/L4_M_MUT_and_WT_M_P120_CORT_MF_top5_gentable.csv to data frame
Adding data from ../../GO_data/GO_term_tables/M_MUT_and_WT_M_P120_CORT/Pvalb_M_MUT_and_WT_M_P120_CORT_BP_top5_gentable.csv to data frame
Adding data from ../../GO_data/GO_term_tables/M_MUT_and_WT_M_P120_CORT/Pvalb_M_MUT_and_WT_M_P120_CORT_CC_top5_gentable.csv to data frame
Adding data from ../../GO_data/GO_term_tables/M_MUT_and_WT_M_P120_CORT/Pvalb_M_MUT_and_WT_M_P120_CORT_MF_top5_gentable.csv to data frame
Adding data from ../../GO_data/GO_term_tables/M_MUT_and_WT_M_P120_CORT/Sncg_M_MUT_and_WT_M_P120_CORT_BP_top5_gentable.csv to data frame
Adding data from ../../GO_data/GO_term_tables/M_MUT_and_WT_M_P120_CORT/Sncg_M_MUT_and_WT_M_P120_CORT_CC_top5_gentable.csv to data frame
Adding data from ../../GO_data/GO_term_tables/M_MUT_and_WT_M_P120_CORT/Sncg_M_MUT_and_WT_M_P120_CORT_MF_top5_gentable.csv to data frame
Adding data from ../../GO_data/GO_term_tables/M_MUT_and_WT_M_P120_CORT/Non_neuronal_M_MUT_and_WT_M_P120_CORT_BP_top5_gentable.csv to data frame
Adding data from ../../GO_data/GO_term_tables/M_MUT_and_WT_M_P120_CORT/Non_neuronal_M_MUT_and_WT_M_P120_CORT_CC_top5_gentable.csv to data frame
Adding data from ../../GO_data/GO_term_tables/M_MUT_and_WT_M_P120_CORT/Non_neuronal_M_MUT_and_WT_M_P120_CORT_MF_top5_gentable.csv to data frame
Adding data from ../../GO_data/GO_term_tables/M_MUT_and_WT_M_P120_CORT/Oligo_M_MUT_and_WT_M_P120_CORT_BP_top5_gentable.csv to data frame
Adding data from ../../GO_data/GO_term_tables/M_MUT_and_WT_M_P120_CORT/Oligo_M_MUT_and_WT_M_P120_CORT_CC_top5_gentable.csv to data frame
Adding data from ../../GO_data/GO_term_tables/M_MUT_and_WT_M_P120_CORT/Oligo_M_MUT_and_WT_M_P120_CORT_MF_top5_gentable.csv to data frame
Adding data from ../../GO_data/GO_term_tables/M_MUT_and_WT_M_P120_CORT/Vip_M_MUT_and_WT_M_P120_CORT_BP_top5_gentable.csv to data frame
Adding data from ../../GO_data/GO_term_tables/M_MUT_and_WT_M_P120_CORT/Vip_M_MUT_and_WT_M_P120_CORT_CC_top5_gentable.csv to data frame
Adding data from ../../GO_data/GO_term_tables/M_MUT_and_WT_M_P120_CORT/Vip_M_MUT_and_WT_M_P120_CORT_MF_top5_gentable.csv to data frame
Adding data from ../../GO_data/GO_term_tables/M_MUT_and_WT_M_P120_CORT/Lamp5_M_MUT_and_WT_M_P120_CORT_BP_top5_gentable.csv to data frame
Adding data from ../../GO_data/GO_term_tables/M_MUT_and_WT_M_P120_CORT/Lamp5_M_MUT_and_WT_M_P120_CORT_CC_top5_gentable.csv to data frame
Adding data from ../../GO_data/GO_term_tables/M_MUT_and_WT_M_P120_CORT/Lamp5_M_MUT_and_WT_M_P120_CORT_MF_top5_gentable.csv to data frame
Adding data from ../../GO_data/GO_term_tables/M_MUT_and_WT_M_P120_CORT/Astro_M_MUT_and_WT_M_P120_CORT_BP_top5_gentable.csv to data frame
Adding data from ../../GO_data/GO_term_tables/M_MUT_and_WT_M_P120_CORT/Astro_M_MUT_and_WT_M_P120_CORT_CC_top5_gentable.csv to data frame
Adding data from ../../GO_data/GO_term_tables/M_MUT_and_WT_M_P120_CORT/Astro_M_MUT_and_WT_M_P120_CORT_MF_top5_gentable.csv to data frame
Adding data from ../../GO_data/GO_term_tables/M_MUT_and_WT_M_P120_CORT/Peri_M_MUT_and_WT_M_P120_CORT_BP_top5_gentable.csv to data frame
Adding data from ../../GO_data/GO_term_tables/M_MUT_and_WT_M_P120_CORT/Peri_M_MUT_and_WT_M_P120_CORT_CC_top5_gentable.csv to data frame
Adding data from ../../GO_data/GO_term_tables/M_MUT_and_WT_M_P120_CORT/Peri_M_MUT_and_WT_M_P120_CORT_MF_top5_gentable.csv to data frame
Adding data from ../../GO_data/GO_term_tables/M_MUT_and_WT_M_P120_CORT/Endo_M_MUT_and_WT_M_P120_CORT_BP_top5_gentable.csv to data frame
Adding data from ../../GO_data/GO_term_tables/M_MUT_and_WT_M_P120_CORT/Endo_M_MUT_and_WT_M_P120_CORT_CC_top5_gentable.csv to data frame
Adding data from ../../GO_data/GO_term_tables/M_MUT_and_WT_M_P120_CORT/Endo_M_MUT_and_WT_M_P120_CORT_MF_top5_gentable.csv to data frame
Adding data from ../../GO_data/GO_term_tables/M_MUT_and_WT_M_E18_WB/L2_3_IT_M_MUT_and_WT_M_E18_WB_BP_top3_gentable.csv to data frame
Adding data from ../../GO_data/GO_term_tables/M_MUT_and_WT_M_E18_WB/L2_3_IT_M_MUT_and_WT_M_E18_WB_CC_top3_gentable.csv to data frame
Adding data from ../../GO_data/GO_term_tables/M_MUT_and_WT_M_E18_WB/L2_3_IT_M_MUT_and_WT_M_E18_WB_MF_top3_gentable.csv to data frame
Adding data from ../../GO_data/GO_term_tables/M_MUT_and_WT_M_E18_WB/L6_M_MUT_and_WT_M_E18_WB_BP_top3_gentable.csv to data frame
Adding data from ../../GO_data/GO_term_tables/M_MUT_and_WT_M_E18_WB/L6_M_MUT_and_WT_M_E18_WB_CC_top3_gentable.csv to data frame
Adding data from ../../GO_data/GO_term_tables/M_MUT_and_WT_M_E18_WB/L6_M_MUT_and_WT_M_E18_WB_MF_top3_gentable.csv to data frame
Adding data from ../../GO_data/GO_term_tables/M_MUT_and_WT_M_E18_WB/Sst_M_MUT_and_WT_M_E18_WB_BP_top3_gentable.csv to data frame
Adding data from ../../GO_data/GO_term_tables/M_MUT_and_WT_M_E18_WB/Sst_M_MUT_and_WT_M_E18_WB_CC_top3_gentable.csv to data frame
Adding data from ../../GO_data/GO_term_tables/M_MUT_and_WT_M_E18_WB/Sst_M_MUT_and_WT_M_E18_WB_MF_top3_gentable.csv to data frame
Adding data from ../../GO_data/GO_term_tables/M_MUT_and_WT_M_E18_WB/L5_M_MUT_and_WT_M_E18_WB_BP_top3_gentable.csv to data frame
Adding data from ../../GO_data/GO_term_tables/M_MUT_and_WT_M_E18_WB/L5_M_MUT_and_WT_M_E18_WB_CC_top3_gentable.csv to data frame
Adding data from ../../GO_data/GO_term_tables/M_MUT_and_WT_M_E18_WB/L5_M_MUT_and_WT_M_E18_WB_MF_top3_gentable.csv to data frame
Adding data from ../../GO_data/GO_term_tables/M_MUT_and_WT_M_E18_WB/L4_M_MUT_and_WT_M_E18_WB_BP_top3_gentable.csv to data frame
Adding data from ../../GO_data/GO_term_tables/M_MUT_and_WT_M_E18_WB/L4_M_MUT_and_WT_M_E18_WB_CC_top3_gentable.csv to data frame
Adding data from ../../GO_data/GO_term_tables/M_MUT_and_WT_M_E18_WB/L4_M_MUT_and_WT_M_E18_WB_MF_top3_gentable.csv to data frame
Adding data from ../../GO_data/GO_term_tables/M_MUT_and_WT_M_E18_WB/Pvalb_M_MUT_and_WT_M_E18_WB_BP_top3_gentable.csv to data frame
Adding data from ../../GO_data/GO_term_tables/M_MUT_and_WT_M_E18_WB/Pvalb_M_MUT_and_WT_M_E18_WB_CC_top3_gentable.csv to data frame
Adding data from ../../GO_data/GO_term_tables/M_MUT_and_WT_M_E18_WB/Pvalb_M_MUT_and_WT_M_E18_WB_MF_top3_gentable.csv to data frame
Adding data from ../../GO_data/GO_term_tables/M_MUT_and_WT_M_E18_WB/Sncg_M_MUT_and_WT_M_E18_WB_BP_top3_gentable.csv to data frame
Adding data from ../../GO_data/GO_term_tables/M_MUT_and_WT_M_E18_WB/Sncg_M_MUT_and_WT_M_E18_WB_CC_top3_gentable.csv to data frame
Adding data from ../../GO_data/GO_term_tables/M_MUT_and_WT_M_E18_WB/Sncg_M_MUT_and_WT_M_E18_WB_MF_top3_gentable.csv to data frame
Adding data from ../../GO_data/GO_term_tables/M_MUT_and_WT_M_E18_WB/Non_neuronal_M_MUT_and_WT_M_E18_WB_BP_top3_gentable.csv to data frame
Adding data from ../../GO_data/GO_term_tables/M_MUT_and_WT_M_E18_WB/Non_neuronal_M_MUT_and_WT_M_E18_WB_CC_top3_gentable.csv to data frame
Adding data from ../../GO_data/GO_term_tables/M_MUT_and_WT_M_E18_WB/Non_neuronal_M_MUT_and_WT_M_E18_WB_MF_top3_gentable.csv to data frame
Adding data from ../../GO_data/GO_term_tables/M_MUT_and_WT_M_E18_WB/Oligo_M_MUT_and_WT_M_E18_WB_BP_top3_gentable.csv to data frame
Adding data from ../../GO_data/GO_term_tables/M_MUT_and_WT_M_E18_WB/Oligo_M_MUT_and_WT_M_E18_WB_CC_top3_gentable.csv to data frame
Adding data from ../../GO_data/GO_term_tables/M_MUT_and_WT_M_E18_WB/Oligo_M_MUT_and_WT_M_E18_WB_MF_top3_gentable.csv to data frame
Adding data from ../../GO_data/GO_term_tables/M_MUT_and_WT_M_E18_WB/Vip_M_MUT_and_WT_M_E18_WB_BP_top3_gentable.csv to data frame
Adding data from ../../GO_data/GO_term_tables/M_MUT_and_WT_M_E18_WB/Vip_M_MUT_and_WT_M_E18_WB_CC_top3_gentable.csv to data frame
Adding data from ../../GO_data/GO_term_tables/M_MUT_and_WT_M_E18_WB/Vip_M_MUT_and_WT_M_E18_WB_MF_top3_gentable.csv to data frame
Adding data from ../../GO_data/GO_term_tables/M_MUT_and_WT_M_E18_WB/Lamp5_M_MUT_and_WT_M_E18_WB_BP_top3_gentable.csv to data frame
Adding data from ../../GO_data/GO_term_tables/M_MUT_and_WT_M_E18_WB/Lamp5_M_MUT_and_WT_M_E18_WB_CC_top3_gentable.csv to data frame
Adding data from ../../GO_data/GO_term_tables/M_MUT_and_WT_M_E18_WB/Lamp5_M_MUT_and_WT_M_E18_WB_MF_top3_gentable.csv to data frame
Adding data from ../../GO_data/GO_term_tables/M_MUT_and_WT_M_E18_WB/Astro_M_MUT_and_WT_M_E18_WB_BP_top3_gentable.csv to data frame
Adding data from ../../GO_data/GO_term_tables/M_MUT_and_WT_M_E18_WB/Astro_M_MUT_and_WT_M_E18_WB_CC_top3_gentable.csv to data frame
Adding data from ../../GO_data/GO_term_tables/M_MUT_and_WT_M_E18_WB/Astro_M_MUT_and_WT_M_E18_WB_MF_top3_gentable.csv to data frame
Adding data from ../../GO_data/GO_term_tables/M_MUT_and_WT_M_E18_WB/Peri_M_MUT_and_WT_M_E18_WB_BP_top3_gentable.csv to data frame
Adding data from ../../GO_data/GO_term_tables/M_MUT_and_WT_M_E18_WB/Peri_M_MUT_and_WT_M_E18_WB_CC_top3_gentable.csv to data frame
Adding data from ../../GO_data/GO_term_tables/M_MUT_and_WT_M_E18_WB/Peri_M_MUT_and_WT_M_E18_WB_MF_top3_gentable.csv to data frame
Adding data from ../../GO_data/GO_term_tables/M_MUT_and_WT_M_E18_WB/Endo_M_MUT_and_WT_M_E18_WB_BP_top3_gentable.csv to data frame
Adding data from ../../GO_data/GO_term_tables/M_MUT_and_WT_M_E18_WB/Endo_M_MUT_and_WT_M_E18_WB_CC_top3_gentable.csv to data frame
Adding data from ../../GO_data/GO_term_tables/M_MUT_and_WT_M_E18_WB/Endo_M_MUT_and_WT_M_E18_WB_MF_top3_gentable.csv to data frame
Adding data from ../../GO_data/GO_term_tables/M_MUT_and_WT_M_P30_CORT/L2_3_IT_M_MUT_and_WT_M_P30_CORT_BP_top3_gentable.csv to data frame
Adding data from ../../GO_data/GO_term_tables/M_MUT_and_WT_M_P30_CORT/L2_3_IT_M_MUT_and_WT_M_P30_CORT_CC_top3_gentable.csv to data frame
Adding data from ../../GO_data/GO_term_tables/M_MUT_and_WT_M_P30_CORT/L2_3_IT_M_MUT_and_WT_M_P30_CORT_MF_top3_gentable.csv to data frame
Adding data from ../../GO_data/GO_term_tables/M_MUT_and_WT_M_P30_CORT/L6_M_MUT_and_WT_M_P30_CORT_BP_top3_gentable.csv to data frame
Adding data from ../../GO_data/GO_term_tables/M_MUT_and_WT_M_P30_CORT/L6_M_MUT_and_WT_M_P30_CORT_CC_top3_gentable.csv to data frame
Adding data from ../../GO_data/GO_term_tables/M_MUT_and_WT_M_P30_CORT/L6_M_MUT_and_WT_M_P30_CORT_MF_top3_gentable.csv to data frame
Adding data from ../../GO_data/GO_term_tables/M_MUT_and_WT_M_P30_CORT/Sst_M_MUT_and_WT_M_P30_CORT_BP_top3_gentable.csv to data frame
Adding data from ../../GO_data/GO_term_tables/M_MUT_and_WT_M_P30_CORT/Sst_M_MUT_and_WT_M_P30_CORT_CC_top3_gentable.csv to data frame
Adding data from ../../GO_data/GO_term_tables/M_MUT_and_WT_M_P30_CORT/Sst_M_MUT_and_WT_M_P30_CORT_MF_top3_gentable.csv to data frame
Adding data from ../../GO_data/GO_term_tables/M_MUT_and_WT_M_P30_CORT/L5_M_MUT_and_WT_M_P30_CORT_BP_top3_gentable.csv to data frame
Adding data from ../../GO_data/GO_term_tables/M_MUT_and_WT_M_P30_CORT/L5_M_MUT_and_WT_M_P30_CORT_CC_top3_gentable.csv to data frame
Adding data from ../../GO_data/GO_term_tables/M_MUT_and_WT_M_P30_CORT/L5_M_MUT_and_WT_M_P30_CORT_MF_top3_gentable.csv to data frame
Adding data from ../../GO_data/GO_term_tables/M_MUT_and_WT_M_P30_CORT/L4_M_MUT_and_WT_M_P30_CORT_BP_top3_gentable.csv to data frame
Adding data from ../../GO_data/GO_term_tables/M_MUT_and_WT_M_P30_CORT/L4_M_MUT_and_WT_M_P30_CORT_CC_top3_gentable.csv to data frame
Adding data from ../../GO_data/GO_term_tables/M_MUT_and_WT_M_P30_CORT/L4_M_MUT_and_WT_M_P30_CORT_MF_top3_gentable.csv to data frame
Adding data from ../../GO_data/GO_term_tables/M_MUT_and_WT_M_P30_CORT/Pvalb_M_MUT_and_WT_M_P30_CORT_BP_top3_gentable.csv to data frame
Adding data from ../../GO_data/GO_term_tables/M_MUT_and_WT_M_P30_CORT/Pvalb_M_MUT_and_WT_M_P30_CORT_CC_top3_gentable.csv to data frame
Adding data from ../../GO_data/GO_term_tables/M_MUT_and_WT_M_P30_CORT/Pvalb_M_MUT_and_WT_M_P30_CORT_MF_top3_gentable.csv to data frame
Adding data from ../../GO_data/GO_term_tables/M_MUT_and_WT_M_P30_CORT/Sncg_M_MUT_and_WT_M_P30_CORT_BP_top3_gentable.csv to data frame
Adding data from ../../GO_data/GO_term_tables/M_MUT_and_WT_M_P30_CORT/Sncg_M_MUT_and_WT_M_P30_CORT_CC_top3_gentable.csv to data frame
Adding data from ../../GO_data/GO_term_tables/M_MUT_and_WT_M_P30_CORT/Sncg_M_MUT_and_WT_M_P30_CORT_MF_top3_gentable.csv to data frame
Adding data from ../../GO_data/GO_term_tables/M_MUT_and_WT_M_P30_CORT/Non_neuronal_M_MUT_and_WT_M_P30_CORT_BP_top3_gentable.csv to data frame
Adding data from ../../GO_data/GO_term_tables/M_MUT_and_WT_M_P30_CORT/Non_neuronal_M_MUT_and_WT_M_P30_CORT_CC_top3_gentable.csv to data frame
Adding data from ../../GO_data/GO_term_tables/M_MUT_and_WT_M_P30_CORT/Non_neuronal_M_MUT_and_WT_M_P30_CORT_MF_top3_gentable.csv to data frame
Adding data from ../../GO_data/GO_term_tables/M_MUT_and_WT_M_P30_CORT/Oligo_M_MUT_and_WT_M_P30_CORT_BP_top3_gentable.csv to data frame
Adding data from ../../GO_data/GO_term_tables/M_MUT_and_WT_M_P30_CORT/Oligo_M_MUT_and_WT_M_P30_CORT_CC_top3_gentable.csv to data frame
Adding data from ../../GO_data/GO_term_tables/M_MUT_and_WT_M_P30_CORT/Oligo_M_MUT_and_WT_M_P30_CORT_MF_top3_gentable.csv to data frame
Adding data from ../../GO_data/GO_term_tables/M_MUT_and_WT_M_P30_CORT/Vip_M_MUT_and_WT_M_P30_CORT_BP_top3_gentable.csv to data frame
Adding data from ../../GO_data/GO_term_tables/M_MUT_and_WT_M_P30_CORT/Vip_M_MUT_and_WT_M_P30_CORT_CC_top3_gentable.csv to data frame
Adding data from ../../GO_data/GO_term_tables/M_MUT_and_WT_M_P30_CORT/Vip_M_MUT_and_WT_M_P30_CORT_MF_top3_gentable.csv to data frame
Adding data from ../../GO_data/GO_term_tables/M_MUT_and_WT_M_P30_CORT/Lamp5_M_MUT_and_WT_M_P30_CORT_BP_top3_gentable.csv to data frame
Adding data from ../../GO_data/GO_term_tables/M_MUT_and_WT_M_P30_CORT/Lamp5_M_MUT_and_WT_M_P30_CORT_CC_top3_gentable.csv to data frame
Adding data from ../../GO_data/GO_term_tables/M_MUT_and_WT_M_P30_CORT/Lamp5_M_MUT_and_WT_M_P30_CORT_MF_top3_gentable.csv to data frame
Adding data from ../../GO_data/GO_term_tables/M_MUT_and_WT_M_P30_CORT/Astro_M_MUT_and_WT_M_P30_CORT_BP_top3_gentable.csv to data frame
Adding data from ../../GO_data/GO_term_tables/M_MUT_and_WT_M_P30_CORT/Astro_M_MUT_and_WT_M_P30_CORT_CC_top3_gentable.csv to data frame
Adding data from ../../GO_data/GO_term_tables/M_MUT_and_WT_M_P30_CORT/Astro_M_MUT_and_WT_M_P30_CORT_MF_top3_gentable.csv to data frame
Adding data from ../../GO_data/GO_term_tables/M_MUT_and_WT_M_P30_CORT/Peri_M_MUT_and_WT_M_P30_CORT_BP_top3_gentable.csv to data frame
Adding data from ../../GO_data/GO_term_tables/M_MUT_and_WT_M_P30_CORT/Peri_M_MUT_and_WT_M_P30_CORT_CC_top3_gentable.csv to data frame
Adding data from ../../GO_data/GO_term_tables/M_MUT_and_WT_M_P30_CORT/Peri_M_MUT_and_WT_M_P30_CORT_MF_top3_gentable.csv to data frame
Adding data from ../../GO_data/GO_term_tables/M_MUT_and_WT_M_P30_CORT/Endo_M_MUT_and_WT_M_P30_CORT_BP_top3_gentable.csv to data frame
Adding data from ../../GO_data/GO_term_tables/M_MUT_and_WT_M_P30_CORT/Endo_M_MUT_and_WT_M_P30_CORT_CC_top3_gentable.csv to data frame
Adding data from ../../GO_data/GO_term_tables/M_MUT_and_WT_M_P30_CORT/Endo_M_MUT_and_WT_M_P30_CORT_MF_top3_gentable.csv to data frame
Adding data from ../../GO_data/GO_term_tables/M_MUT_and_WT_M_P60_CORT/L2_3_IT_M_MUT_and_WT_M_P60_CORT_BP_top3_gentable.csv to data frame
Adding data from ../../GO_data/GO_term_tables/M_MUT_and_WT_M_P60_CORT/L2_3_IT_M_MUT_and_WT_M_P60_CORT_CC_top3_gentable.csv to data frame
Adding data from ../../GO_data/GO_term_tables/M_MUT_and_WT_M_P60_CORT/L2_3_IT_M_MUT_and_WT_M_P60_CORT_MF_top3_gentable.csv to data frame
Adding data from ../../GO_data/GO_term_tables/M_MUT_and_WT_M_P60_CORT/L6_M_MUT_and_WT_M_P60_CORT_BP_top3_gentable.csv to data frame
Adding data from ../../GO_data/GO_term_tables/M_MUT_and_WT_M_P60_CORT/L6_M_MUT_and_WT_M_P60_CORT_CC_top3_gentable.csv to data frame
Adding data from ../../GO_data/GO_term_tables/M_MUT_and_WT_M_P60_CORT/L6_M_MUT_and_WT_M_P60_CORT_MF_top3_gentable.csv to data frame
Adding data from ../../GO_data/GO_term_tables/M_MUT_and_WT_M_P60_CORT/Sst_M_MUT_and_WT_M_P60_CORT_BP_top3_gentable.csv to data frame
Adding data from ../../GO_data/GO_term_tables/M_MUT_and_WT_M_P60_CORT/Sst_M_MUT_and_WT_M_P60_CORT_CC_top3_gentable.csv to data frame
Adding data from ../../GO_data/GO_term_tables/M_MUT_and_WT_M_P60_CORT/Sst_M_MUT_and_WT_M_P60_CORT_MF_top3_gentable.csv to data frame
Adding data from ../../GO_data/GO_term_tables/M_MUT_and_WT_M_P60_CORT/L5_M_MUT_and_WT_M_P60_CORT_BP_top3_gentable.csv to data frame
Adding data from ../../GO_data/GO_term_tables/M_MUT_and_WT_M_P60_CORT/L5_M_MUT_and_WT_M_P60_CORT_CC_top3_gentable.csv to data frame
Adding data from ../../GO_data/GO_term_tables/M_MUT_and_WT_M_P60_CORT/L5_M_MUT_and_WT_M_P60_CORT_MF_top3_gentable.csv to data frame
Adding data from ../../GO_data/GO_term_tables/M_MUT_and_WT_M_P60_CORT/L4_M_MUT_and_WT_M_P60_CORT_BP_top3_gentable.csv to data frame
Adding data from ../../GO_data/GO_term_tables/M_MUT_and_WT_M_P60_CORT/L4_M_MUT_and_WT_M_P60_CORT_CC_top3_gentable.csv to data frame
Adding data from ../../GO_data/GO_term_tables/M_MUT_and_WT_M_P60_CORT/L4_M_MUT_and_WT_M_P60_CORT_MF_top3_gentable.csv to data frame
Adding data from ../../GO_data/GO_term_tables/M_MUT_and_WT_M_P60_CORT/Pvalb_M_MUT_and_WT_M_P60_CORT_BP_top3_gentable.csv to data frame
Adding data from ../../GO_data/GO_term_tables/M_MUT_and_WT_M_P60_CORT/Pvalb_M_MUT_and_WT_M_P60_CORT_CC_top3_gentable.csv to data frame
Adding data from ../../GO_data/GO_term_tables/M_MUT_and_WT_M_P60_CORT/Pvalb_M_MUT_and_WT_M_P60_CORT_MF_top3_gentable.csv to data frame
Adding data from ../../GO_data/GO_term_tables/M_MUT_and_WT_M_P60_CORT/Sncg_M_MUT_and_WT_M_P60_CORT_BP_top3_gentable.csv to data frame
Adding data from ../../GO_data/GO_term_tables/M_MUT_and_WT_M_P60_CORT/Sncg_M_MUT_and_WT_M_P60_CORT_CC_top3_gentable.csv to data frame
Adding data from ../../GO_data/GO_term_tables/M_MUT_and_WT_M_P60_CORT/Sncg_M_MUT_and_WT_M_P60_CORT_MF_top3_gentable.csv to data frame
Adding data from ../../GO_data/GO_term_tables/M_MUT_and_WT_M_P60_CORT/Non_neuronal_M_MUT_and_WT_M_P60_CORT_BP_top3_gentable.csv to data frame
Adding data from ../../GO_data/GO_term_tables/M_MUT_and_WT_M_P60_CORT/Non_neuronal_M_MUT_and_WT_M_P60_CORT_CC_top3_gentable.csv to data frame
Adding data from ../../GO_data/GO_term_tables/M_MUT_and_WT_M_P60_CORT/Non_neuronal_M_MUT_and_WT_M_P60_CORT_MF_top3_gentable.csv to data frame
Adding data from ../../GO_data/GO_term_tables/M_MUT_and_WT_M_P60_CORT/Oligo_M_MUT_and_WT_M_P60_CORT_BP_top3_gentable.csv to data frame
Adding data from ../../GO_data/GO_term_tables/M_MUT_and_WT_M_P60_CORT/Oligo_M_MUT_and_WT_M_P60_CORT_CC_top3_gentable.csv to data frame
Adding data from ../../GO_data/GO_term_tables/M_MUT_and_WT_M_P60_CORT/Oligo_M_MUT_and_WT_M_P60_CORT_MF_top3_gentable.csv to data frame
Adding data from ../../GO_data/GO_term_tables/M_MUT_and_WT_M_P60_CORT/Vip_M_MUT_and_WT_M_P60_CORT_BP_top3_gentable.csv to data frame
Adding data from ../../GO_data/GO_term_tables/M_MUT_and_WT_M_P60_CORT/Vip_M_MUT_and_WT_M_P60_CORT_CC_top3_gentable.csv to data frame
Adding data from ../../GO_data/GO_term_tables/M_MUT_and_WT_M_P60_CORT/Vip_M_MUT_and_WT_M_P60_CORT_MF_top3_gentable.csv to data frame
Adding data from ../../GO_data/GO_term_tables/M_MUT_and_WT_M_P60_CORT/Lamp5_M_MUT_and_WT_M_P60_CORT_BP_top3_gentable.csv to data frame
Adding data from ../../GO_data/GO_term_tables/M_MUT_and_WT_M_P60_CORT/Lamp5_M_MUT_and_WT_M_P60_CORT_CC_top3_gentable.csv to data frame
Adding data from ../../GO_data/GO_term_tables/M_MUT_and_WT_M_P60_CORT/Lamp5_M_MUT_and_WT_M_P60_CORT_MF_top3_gentable.csv to data frame
Adding data from ../../GO_data/GO_term_tables/M_MUT_and_WT_M_P60_CORT/Astro_M_MUT_and_WT_M_P60_CORT_BP_top3_gentable.csv to data frame
Adding data from ../../GO_data/GO_term_tables/M_MUT_and_WT_M_P60_CORT/Astro_M_MUT_and_WT_M_P60_CORT_CC_top3_gentable.csv to data frame
Adding data from ../../GO_data/GO_term_tables/M_MUT_and_WT_M_P60_CORT/Astro_M_MUT_and_WT_M_P60_CORT_MF_top3_gentable.csv to data frame
Adding data from ../../GO_data/GO_term_tables/M_MUT_and_WT_M_P60_CORT/Peri_M_MUT_and_WT_M_P60_CORT_BP_top3_gentable.csv to data frame
Adding data from ../../GO_data/GO_term_tables/M_MUT_and_WT_M_P60_CORT/Peri_M_MUT_and_WT_M_P60_CORT_CC_top3_gentable.csv to data frame
Adding data from ../../GO_data/GO_term_tables/M_MUT_and_WT_M_P60_CORT/Peri_M_MUT_and_WT_M_P60_CORT_MF_top3_gentable.csv to data frame
Adding data from ../../GO_data/GO_term_tables/M_MUT_and_WT_M_P60_CORT/Endo_M_MUT_and_WT_M_P60_CORT_BP_top3_gentable.csv to data frame
Adding data from ../../GO_data/GO_term_tables/M_MUT_and_WT_M_P60_CORT/Endo_M_MUT_and_WT_M_P60_CORT_CC_top3_gentable.csv to data frame
Adding data from ../../GO_data/GO_term_tables/M_MUT_and_WT_M_P60_CORT/Endo_M_MUT_and_WT_M_P60_CORT_MF_top3_gentable.csv to data frame
Adding data from ../../GO_data/GO_term_tables/M_MUT_and_WT_M_P120_CORT/L2_3_IT_M_MUT_and_WT_M_P120_CORT_BP_top3_gentable.csv to data frame
Adding data from ../../GO_data/GO_term_tables/M_MUT_and_WT_M_P120_CORT/L2_3_IT_M_MUT_and_WT_M_P120_CORT_CC_top3_gentable.csv to data frame
Adding data from ../../GO_data/GO_term_tables/M_MUT_and_WT_M_P120_CORT/L2_3_IT_M_MUT_and_WT_M_P120_CORT_MF_top3_gentable.csv to data frame
Adding data from ../../GO_data/GO_term_tables/M_MUT_and_WT_M_P120_CORT/L6_M_MUT_and_WT_M_P120_CORT_BP_top3_gentable.csv to data frame
Adding data from ../../GO_data/GO_term_tables/M_MUT_and_WT_M_P120_CORT/L6_M_MUT_and_WT_M_P120_CORT_CC_top3_gentable.csv to data frame
Adding data from ../../GO_data/GO_term_tables/M_MUT_and_WT_M_P120_CORT/L6_M_MUT_and_WT_M_P120_CORT_MF_top3_gentable.csv to data frame
Adding data from ../../GO_data/GO_term_tables/M_MUT_and_WT_M_P120_CORT/Sst_M_MUT_and_WT_M_P120_CORT_BP_top3_gentable.csv to data frame
Adding data from ../../GO_data/GO_term_tables/M_MUT_and_WT_M_P120_CORT/Sst_M_MUT_and_WT_M_P120_CORT_CC_top3_gentable.csv to data frame
Adding data from ../../GO_data/GO_term_tables/M_MUT_and_WT_M_P120_CORT/Sst_M_MUT_and_WT_M_P120_CORT_MF_top3_gentable.csv to data frame
Adding data from ../../GO_data/GO_term_tables/M_MUT_and_WT_M_P120_CORT/L5_M_MUT_and_WT_M_P120_CORT_BP_top3_gentable.csv to data frame
Adding data from ../../GO_data/GO_term_tables/M_MUT_and_WT_M_P120_CORT/L5_M_MUT_and_WT_M_P120_CORT_CC_top3_gentable.csv to data frame
Adding data from ../../GO_data/GO_term_tables/M_MUT_and_WT_M_P120_CORT/L5_M_MUT_and_WT_M_P120_CORT_MF_top3_gentable.csv to data frame
Adding data from ../../GO_data/GO_term_tables/M_MUT_and_WT_M_P120_CORT/L4_M_MUT_and_WT_M_P120_CORT_BP_top3_gentable.csv to data frame
Adding data from ../../GO_data/GO_term_tables/M_MUT_and_WT_M_P120_CORT/L4_M_MUT_and_WT_M_P120_CORT_CC_top3_gentable.csv to data frame
Adding data from ../../GO_data/GO_term_tables/M_MUT_and_WT_M_P120_CORT/L4_M_MUT_and_WT_M_P120_CORT_MF_top3_gentable.csv to data frame
Adding data from ../../GO_data/GO_term_tables/M_MUT_and_WT_M_P120_CORT/Pvalb_M_MUT_and_WT_M_P120_CORT_BP_top3_gentable.csv to data frame
Adding data from ../../GO_data/GO_term_tables/M_MUT_and_WT_M_P120_CORT/Pvalb_M_MUT_and_WT_M_P120_CORT_CC_top3_gentable.csv to data frame
Adding data from ../../GO_data/GO_term_tables/M_MUT_and_WT_M_P120_CORT/Pvalb_M_MUT_and_WT_M_P120_CORT_MF_top3_gentable.csv to data frame
Adding data from ../../GO_data/GO_term_tables/M_MUT_and_WT_M_P120_CORT/Sncg_M_MUT_and_WT_M_P120_CORT_BP_top3_gentable.csv to data frame
Adding data from ../../GO_data/GO_term_tables/M_MUT_and_WT_M_P120_CORT/Sncg_M_MUT_and_WT_M_P120_CORT_CC_top3_gentable.csv to data frame
Adding data from ../../GO_data/GO_term_tables/M_MUT_and_WT_M_P120_CORT/Sncg_M_MUT_and_WT_M_P120_CORT_MF_top3_gentable.csv to data frame
Adding data from ../../GO_data/GO_term_tables/M_MUT_and_WT_M_P120_CORT/Non_neuronal_M_MUT_and_WT_M_P120_CORT_BP_top3_gentable.csv to data frame
Adding data from ../../GO_data/GO_term_tables/M_MUT_and_WT_M_P120_CORT/Non_neuronal_M_MUT_and_WT_M_P120_CORT_CC_top3_gentable.csv to data frame
Adding data from ../../GO_data/GO_term_tables/M_MUT_and_WT_M_P120_CORT/Non_neuronal_M_MUT_and_WT_M_P120_CORT_MF_top3_gentable.csv to data frame
Adding data from ../../GO_data/GO_term_tables/M_MUT_and_WT_M_P120_CORT/Oligo_M_MUT_and_WT_M_P120_CORT_BP_top3_gentable.csv to data frame
Adding data from ../../GO_data/GO_term_tables/M_MUT_and_WT_M_P120_CORT/Oligo_M_MUT_and_WT_M_P120_CORT_CC_top3_gentable.csv to data frame
Adding data from ../../GO_data/GO_term_tables/M_MUT_and_WT_M_P120_CORT/Oligo_M_MUT_and_WT_M_P120_CORT_MF_top3_gentable.csv to data frame
Adding data from ../../GO_data/GO_term_tables/M_MUT_and_WT_M_P120_CORT/Vip_M_MUT_and_WT_M_P120_CORT_BP_top3_gentable.csv to data frame
Adding data from ../../GO_data/GO_term_tables/M_MUT_and_WT_M_P120_CORT/Vip_M_MUT_and_WT_M_P120_CORT_CC_top3_gentable.csv to data frame
Adding data from ../../GO_data/GO_term_tables/M_MUT_and_WT_M_P120_CORT/Vip_M_MUT_and_WT_M_P120_CORT_MF_top3_gentable.csv to data frame
Adding data from ../../GO_data/GO_term_tables/M_MUT_and_WT_M_P120_CORT/Lamp5_M_MUT_and_WT_M_P120_CORT_BP_top3_gentable.csv to data frame
Adding data from ../../GO_data/GO_term_tables/M_MUT_and_WT_M_P120_CORT/Lamp5_M_MUT_and_WT_M_P120_CORT_CC_top3_gentable.csv to data frame
Adding data from ../../GO_data/GO_term_tables/M_MUT_and_WT_M_P120_CORT/Lamp5_M_MUT_and_WT_M_P120_CORT_MF_top3_gentable.csv to data frame
Adding data from ../../GO_data/GO_term_tables/M_MUT_and_WT_M_P120_CORT/Astro_M_MUT_and_WT_M_P120_CORT_BP_top3_gentable.csv to data frame
Adding data from ../../GO_data/GO_term_tables/M_MUT_and_WT_M_P120_CORT/Astro_M_MUT_and_WT_M_P120_CORT_CC_top3_gentable.csv to data frame
Adding data from ../../GO_data/GO_term_tables/M_MUT_and_WT_M_P120_CORT/Astro_M_MUT_and_WT_M_P120_CORT_MF_top3_gentable.csv to data frame
Adding data from ../../GO_data/GO_term_tables/M_MUT_and_WT_M_P120_CORT/Peri_M_MUT_and_WT_M_P120_CORT_BP_top3_gentable.csv to data frame
Adding data from ../../GO_data/GO_term_tables/M_MUT_and_WT_M_P120_CORT/Peri_M_MUT_and_WT_M_P120_CORT_CC_top3_gentable.csv to data frame
Adding data from ../../GO_data/GO_term_tables/M_MUT_and_WT_M_P120_CORT/Peri_M_MUT_and_WT_M_P120_CORT_MF_top3_gentable.csv to data frame
Adding data from ../../GO_data/GO_term_tables/M_MUT_and_WT_M_P120_CORT/Endo_M_MUT_and_WT_M_P120_CORT_BP_top3_gentable.csv to data frame
Adding data from ../../GO_data/GO_term_tables/M_MUT_and_WT_M_P120_CORT/Endo_M_MUT_and_WT_M_P120_CORT_CC_top3_gentable.csv to data frame
Adding data from ../../GO_data/GO_term_tables/M_MUT_and_WT_M_P120_CORT/Endo_M_MUT_and_WT_M_P120_CORT_MF_top3_gentable.csv to data frame
Adding data from ../../GO_data/GO_term_tables/M_MUT_and_WT_F_E18_WB/L2_3_IT_M_MUT_and_WT_F_E18_WB_BP_top20_gentable.csv to data frame
Adding data from ../../GO_data/GO_term_tables/M_MUT_and_WT_F_E18_WB/L2_3_IT_M_MUT_and_WT_F_E18_WB_CC_top20_gentable.csv to data frame
Adding data from ../../GO_data/GO_term_tables/M_MUT_and_WT_F_E18_WB/L2_3_IT_M_MUT_and_WT_F_E18_WB_MF_top20_gentable.csv to data frame
Adding data from ../../GO_data/GO_term_tables/M_MUT_and_WT_F_E18_WB/L6_M_MUT_and_WT_F_E18_WB_BP_top20_gentable.csv to data frame
Adding data from ../../GO_data/GO_term_tables/M_MUT_and_WT_F_E18_WB/L6_M_MUT_and_WT_F_E18_WB_CC_top20_gentable.csv to data frame
Adding data from ../../GO_data/GO_term_tables/M_MUT_and_WT_F_E18_WB/L6_M_MUT_and_WT_F_E18_WB_MF_top20_gentable.csv to data frame
Adding data from ../../GO_data/GO_term_tables/M_MUT_and_WT_F_E18_WB/Sst_M_MUT_and_WT_F_E18_WB_BP_top20_gentable.csv to data frame
Adding data from ../../GO_data/GO_term_tables/M_MUT_and_WT_F_E18_WB/Sst_M_MUT_and_WT_F_E18_WB_CC_top20_gentable.csv to data frame
Adding data from ../../GO_data/GO_term_tables/M_MUT_and_WT_F_E18_WB/Sst_M_MUT_and_WT_F_E18_WB_MF_top20_gentable.csv to data frame
Adding data from ../../GO_data/GO_term_tables/M_MUT_and_WT_F_E18_WB/L5_M_MUT_and_WT_F_E18_WB_BP_top20_gentable.csv to data frame
Adding data from ../../GO_data/GO_term_tables/M_MUT_and_WT_F_E18_WB/L5_M_MUT_and_WT_F_E18_WB_CC_top20_gentable.csv to data frame
Adding data from ../../GO_data/GO_term_tables/M_MUT_and_WT_F_E18_WB/L5_M_MUT_and_WT_F_E18_WB_MF_top20_gentable.csv to data frame
Adding data from ../../GO_data/GO_term_tables/M_MUT_and_WT_F_E18_WB/L4_M_MUT_and_WT_F_E18_WB_BP_top20_gentable.csv to data frame
Adding data from ../../GO_data/GO_term_tables/M_MUT_and_WT_F_E18_WB/L4_M_MUT_and_WT_F_E18_WB_CC_top20_gentable.csv to data frame
Adding data from ../../GO_data/GO_term_tables/M_MUT_and_WT_F_E18_WB/L4_M_MUT_and_WT_F_E18_WB_MF_top20_gentable.csv to data frame
Adding data from ../../GO_data/GO_term_tables/M_MUT_and_WT_F_E18_WB/Pvalb_M_MUT_and_WT_F_E18_WB_BP_top20_gentable.csv to data frame
Adding data from ../../GO_data/GO_term_tables/M_MUT_and_WT_F_E18_WB/Pvalb_M_MUT_and_WT_F_E18_WB_CC_top20_gentable.csv to data frame
Adding data from ../../GO_data/GO_term_tables/M_MUT_and_WT_F_E18_WB/Pvalb_M_MUT_and_WT_F_E18_WB_MF_top20_gentable.csv to data frame
Adding data from ../../GO_data/GO_term_tables/M_MUT_and_WT_F_E18_WB/Sncg_M_MUT_and_WT_F_E18_WB_BP_top20_gentable.csv to data frame
Adding data from ../../GO_data/GO_term_tables/M_MUT_and_WT_F_E18_WB/Sncg_M_MUT_and_WT_F_E18_WB_CC_top20_gentable.csv to data frame
Adding data from ../../GO_data/GO_term_tables/M_MUT_and_WT_F_E18_WB/Sncg_M_MUT_and_WT_F_E18_WB_MF_top20_gentable.csv to data frame
Adding data from ../../GO_data/GO_term_tables/M_MUT_and_WT_F_E18_WB/Non_neuronal_M_MUT_and_WT_F_E18_WB_BP_top20_gentable.csv to data frame
Adding data from ../../GO_data/GO_term_tables/M_MUT_and_WT_F_E18_WB/Non_neuronal_M_MUT_and_WT_F_E18_WB_CC_top20_gentable.csv to data frame
Adding data from ../../GO_data/GO_term_tables/M_MUT_and_WT_F_E18_WB/Non_neuronal_M_MUT_and_WT_F_E18_WB_MF_top20_gentable.csv to data frame
Adding data from ../../GO_data/GO_term_tables/M_MUT_and_WT_F_E18_WB/Oligo_M_MUT_and_WT_F_E18_WB_BP_top20_gentable.csv to data frame
Adding data from ../../GO_data/GO_term_tables/M_MUT_and_WT_F_E18_WB/Oligo_M_MUT_and_WT_F_E18_WB_CC_top20_gentable.csv to data frame
Adding data from ../../GO_data/GO_term_tables/M_MUT_and_WT_F_E18_WB/Oligo_M_MUT_and_WT_F_E18_WB_MF_top20_gentable.csv to data frame
Adding data from ../../GO_data/GO_term_tables/M_MUT_and_WT_F_E18_WB/Vip_M_MUT_and_WT_F_E18_WB_BP_top20_gentable.csv to data frame
Adding data from ../../GO_data/GO_term_tables/M_MUT_and_WT_F_E18_WB/Vip_M_MUT_and_WT_F_E18_WB_CC_top20_gentable.csv to data frame
Adding data from ../../GO_data/GO_term_tables/M_MUT_and_WT_F_E18_WB/Vip_M_MUT_and_WT_F_E18_WB_MF_top20_gentable.csv to data frame
Adding data from ../../GO_data/GO_term_tables/M_MUT_and_WT_F_E18_WB/Lamp5_M_MUT_and_WT_F_E18_WB_BP_top20_gentable.csv to data frame
Adding data from ../../GO_data/GO_term_tables/M_MUT_and_WT_F_E18_WB/Lamp5_M_MUT_and_WT_F_E18_WB_CC_top20_gentable.csv to data frame
Adding data from ../../GO_data/GO_term_tables/M_MUT_and_WT_F_E18_WB/Lamp5_M_MUT_and_WT_F_E18_WB_MF_top20_gentable.csv to data frame
Adding data from ../../GO_data/GO_term_tables/M_MUT_and_WT_F_E18_WB/Astro_M_MUT_and_WT_F_E18_WB_BP_top20_gentable.csv to data frame
Adding data from ../../GO_data/GO_term_tables/M_MUT_and_WT_F_E18_WB/Astro_M_MUT_and_WT_F_E18_WB_CC_top20_gentable.csv to data frame
Adding data from ../../GO_data/GO_term_tables/M_MUT_and_WT_F_E18_WB/Astro_M_MUT_and_WT_F_E18_WB_MF_top20_gentable.csv to data frame
Adding data from ../../GO_data/GO_term_tables/M_MUT_and_WT_F_E18_WB/Peri_M_MUT_and_WT_F_E18_WB_BP_top20_gentable.csv to data frame
Adding data from ../../GO_data/GO_term_tables/M_MUT_and_WT_F_E18_WB/Peri_M_MUT_and_WT_F_E18_WB_CC_top20_gentable.csv to data frame
Adding data from ../../GO_data/GO_term_tables/M_MUT_and_WT_F_E18_WB/Peri_M_MUT_and_WT_F_E18_WB_MF_top20_gentable.csv to data frame
Skipping the following file because it cannot be found: ../../GO_data/GO_term_tables/M_MUT_and_WT_F_E18_WB/Endo_M_MUT_and_WT_F_E18_WB_BP_top20_gentable.csv
Skipping the following file because it cannot be found: ../../GO_data/GO_term_tables/M_MUT_and_WT_F_E18_WB/Endo_M_MUT_and_WT_F_E18_WB_CC_top20_gentable.csv
Skipping the following file because it cannot be found: ../../GO_data/GO_term_tables/M_MUT_and_WT_F_E18_WB/Endo_M_MUT_and_WT_F_E18_WB_MF_top20_gentable.csv
Adding data from ../../GO_data/GO_term_tables/M_MUT_and_WT_F_P30_CORT/L2_3_IT_M_MUT_and_WT_F_P30_CORT_BP_top20_gentable.csv to data frame
Adding data from ../../GO_data/GO_term_tables/M_MUT_and_WT_F_P30_CORT/L2_3_IT_M_MUT_and_WT_F_P30_CORT_CC_top20_gentable.csv to data frame
Adding data from ../../GO_data/GO_term_tables/M_MUT_and_WT_F_P30_CORT/L2_3_IT_M_MUT_and_WT_F_P30_CORT_MF_top20_gentable.csv to data frame
Adding data from ../../GO_data/GO_term_tables/M_MUT_and_WT_F_P30_CORT/L6_M_MUT_and_WT_F_P30_CORT_BP_top20_gentable.csv to data frame
Adding data from ../../GO_data/GO_term_tables/M_MUT_and_WT_F_P30_CORT/L6_M_MUT_and_WT_F_P30_CORT_CC_top20_gentable.csv to data frame
Adding data from ../../GO_data/GO_term_tables/M_MUT_and_WT_F_P30_CORT/L6_M_MUT_and_WT_F_P30_CORT_MF_top20_gentable.csv to data frame
Adding data from ../../GO_data/GO_term_tables/M_MUT_and_WT_F_P30_CORT/Sst_M_MUT_and_WT_F_P30_CORT_BP_top20_gentable.csv to data frame
Adding data from ../../GO_data/GO_term_tables/M_MUT_and_WT_F_P30_CORT/Sst_M_MUT_and_WT_F_P30_CORT_CC_top20_gentable.csv to data frame
Adding data from ../../GO_data/GO_term_tables/M_MUT_and_WT_F_P30_CORT/Sst_M_MUT_and_WT_F_P30_CORT_MF_top20_gentable.csv to data frame
Adding data from ../../GO_data/GO_term_tables/M_MUT_and_WT_F_P30_CORT/L5_M_MUT_and_WT_F_P30_CORT_BP_top20_gentable.csv to data frame
Adding data from ../../GO_data/GO_term_tables/M_MUT_and_WT_F_P30_CORT/L5_M_MUT_and_WT_F_P30_CORT_CC_top20_gentable.csv to data frame
Adding data from ../../GO_data/GO_term_tables/M_MUT_and_WT_F_P30_CORT/L5_M_MUT_and_WT_F_P30_CORT_MF_top20_gentable.csv to data frame
Adding data from ../../GO_data/GO_term_tables/M_MUT_and_WT_F_P30_CORT/L4_M_MUT_and_WT_F_P30_CORT_BP_top20_gentable.csv to data frame
Adding data from ../../GO_data/GO_term_tables/M_MUT_and_WT_F_P30_CORT/L4_M_MUT_and_WT_F_P30_CORT_CC_top20_gentable.csv to data frame
Adding data from ../../GO_data/GO_term_tables/M_MUT_and_WT_F_P30_CORT/L4_M_MUT_and_WT_F_P30_CORT_MF_top20_gentable.csv to data frame
Adding data from ../../GO_data/GO_term_tables/M_MUT_and_WT_F_P30_CORT/Pvalb_M_MUT_and_WT_F_P30_CORT_BP_top20_gentable.csv to data frame
Adding data from ../../GO_data/GO_term_tables/M_MUT_and_WT_F_P30_CORT/Pvalb_M_MUT_and_WT_F_P30_CORT_CC_top20_gentable.csv to data frame
Adding data from ../../GO_data/GO_term_tables/M_MUT_and_WT_F_P30_CORT/Pvalb_M_MUT_and_WT_F_P30_CORT_MF_top20_gentable.csv to data frame
Adding data from ../../GO_data/GO_term_tables/M_MUT_and_WT_F_P30_CORT/Sncg_M_MUT_and_WT_F_P30_CORT_BP_top20_gentable.csv to data frame
Adding data from ../../GO_data/GO_term_tables/M_MUT_and_WT_F_P30_CORT/Sncg_M_MUT_and_WT_F_P30_CORT_CC_top20_gentable.csv to data frame
Adding data from ../../GO_data/GO_term_tables/M_MUT_and_WT_F_P30_CORT/Sncg_M_MUT_and_WT_F_P30_CORT_MF_top20_gentable.csv to data frame
Adding data from ../../GO_data/GO_term_tables/M_MUT_and_WT_F_P30_CORT/Non_neuronal_M_MUT_and_WT_F_P30_CORT_BP_top20_gentable.csv to data frame
Adding data from ../../GO_data/GO_term_tables/M_MUT_and_WT_F_P30_CORT/Non_neuronal_M_MUT_and_WT_F_P30_CORT_CC_top20_gentable.csv to data frame
Adding data from ../../GO_data/GO_term_tables/M_MUT_and_WT_F_P30_CORT/Non_neuronal_M_MUT_and_WT_F_P30_CORT_MF_top20_gentable.csv to data frame
Adding data from ../../GO_data/GO_term_tables/M_MUT_and_WT_F_P30_CORT/Oligo_M_MUT_and_WT_F_P30_CORT_BP_top20_gentable.csv to data frame
Adding data from ../../GO_data/GO_term_tables/M_MUT_and_WT_F_P30_CORT/Oligo_M_MUT_and_WT_F_P30_CORT_CC_top20_gentable.csv to data frame
Adding data from ../../GO_data/GO_term_tables/M_MUT_and_WT_F_P30_CORT/Oligo_M_MUT_and_WT_F_P30_CORT_MF_top20_gentable.csv to data frame
Adding data from ../../GO_data/GO_term_tables/M_MUT_and_WT_F_P30_CORT/Vip_M_MUT_and_WT_F_P30_CORT_BP_top20_gentable.csv to data frame
Adding data from ../../GO_data/GO_term_tables/M_MUT_and_WT_F_P30_CORT/Vip_M_MUT_and_WT_F_P30_CORT_CC_top20_gentable.csv to data frame
Adding data from ../../GO_data/GO_term_tables/M_MUT_and_WT_F_P30_CORT/Vip_M_MUT_and_WT_F_P30_CORT_MF_top20_gentable.csv to data frame
Adding data from ../../GO_data/GO_term_tables/M_MUT_and_WT_F_P30_CORT/Lamp5_M_MUT_and_WT_F_P30_CORT_BP_top20_gentable.csv to data frame
Adding data from ../../GO_data/GO_term_tables/M_MUT_and_WT_F_P30_CORT/Lamp5_M_MUT_and_WT_F_P30_CORT_CC_top20_gentable.csv to data frame
Adding data from ../../GO_data/GO_term_tables/M_MUT_and_WT_F_P30_CORT/Lamp5_M_MUT_and_WT_F_P30_CORT_MF_top20_gentable.csv to data frame
Adding data from ../../GO_data/GO_term_tables/M_MUT_and_WT_F_P30_CORT/Astro_M_MUT_and_WT_F_P30_CORT_BP_top20_gentable.csv to data frame
Adding data from ../../GO_data/GO_term_tables/M_MUT_and_WT_F_P30_CORT/Astro_M_MUT_and_WT_F_P30_CORT_CC_top20_gentable.csv to data frame
Adding data from ../../GO_data/GO_term_tables/M_MUT_and_WT_F_P30_CORT/Astro_M_MUT_and_WT_F_P30_CORT_MF_top20_gentable.csv to data frame
Skipping the following file because it cannot be found: ../../GO_data/GO_term_tables/M_MUT_and_WT_F_P30_CORT/Peri_M_MUT_and_WT_F_P30_CORT_BP_top20_gentable.csv
Skipping the following file because it cannot be found: ../../GO_data/GO_term_tables/M_MUT_and_WT_F_P30_CORT/Peri_M_MUT_and_WT_F_P30_CORT_CC_top20_gentable.csv
Skipping the following file because it cannot be found: ../../GO_data/GO_term_tables/M_MUT_and_WT_F_P30_CORT/Peri_M_MUT_and_WT_F_P30_CORT_MF_top20_gentable.csv
Skipping the following file because it cannot be found: ../../GO_data/GO_term_tables/M_MUT_and_WT_F_P30_CORT/Endo_M_MUT_and_WT_F_P30_CORT_BP_top20_gentable.csv
Skipping the following file because it cannot be found: ../../GO_data/GO_term_tables/M_MUT_and_WT_F_P30_CORT/Endo_M_MUT_and_WT_F_P30_CORT_CC_top20_gentable.csv
Skipping the following file because it cannot be found: ../../GO_data/GO_term_tables/M_MUT_and_WT_F_P30_CORT/Endo_M_MUT_and_WT_F_P30_CORT_MF_top20_gentable.csv
Adding data from ../../GO_data/GO_term_tables/M_MUT_and_WT_F_P60_CORT/L2_3_IT_M_MUT_and_WT_F_P60_CORT_BP_top20_gentable.csv to data frame
Adding data from ../../GO_data/GO_term_tables/M_MUT_and_WT_F_P60_CORT/L2_3_IT_M_MUT_and_WT_F_P60_CORT_CC_top20_gentable.csv to data frame
Adding data from ../../GO_data/GO_term_tables/M_MUT_and_WT_F_P60_CORT/L2_3_IT_M_MUT_and_WT_F_P60_CORT_MF_top20_gentable.csv to data frame
Adding data from ../../GO_data/GO_term_tables/M_MUT_and_WT_F_P60_CORT/L6_M_MUT_and_WT_F_P60_CORT_BP_top20_gentable.csv to data frame
Adding data from ../../GO_data/GO_term_tables/M_MUT_and_WT_F_P60_CORT/L6_M_MUT_and_WT_F_P60_CORT_CC_top20_gentable.csv to data frame
Adding data from ../../GO_data/GO_term_tables/M_MUT_and_WT_F_P60_CORT/L6_M_MUT_and_WT_F_P60_CORT_MF_top20_gentable.csv to data frame
Adding data from ../../GO_data/GO_term_tables/M_MUT_and_WT_F_P60_CORT/Sst_M_MUT_and_WT_F_P60_CORT_BP_top20_gentable.csv to data frame
Adding data from ../../GO_data/GO_term_tables/M_MUT_and_WT_F_P60_CORT/Sst_M_MUT_and_WT_F_P60_CORT_CC_top20_gentable.csv to data frame
Adding data from ../../GO_data/GO_term_tables/M_MUT_and_WT_F_P60_CORT/Sst_M_MUT_and_WT_F_P60_CORT_MF_top20_gentable.csv to data frame
Adding data from ../../GO_data/GO_term_tables/M_MUT_and_WT_F_P60_CORT/L5_M_MUT_and_WT_F_P60_CORT_BP_top20_gentable.csv to data frame
Adding data from ../../GO_data/GO_term_tables/M_MUT_and_WT_F_P60_CORT/L5_M_MUT_and_WT_F_P60_CORT_CC_top20_gentable.csv to data frame
Adding data from ../../GO_data/GO_term_tables/M_MUT_and_WT_F_P60_CORT/L5_M_MUT_and_WT_F_P60_CORT_MF_top20_gentable.csv to data frame
Adding data from ../../GO_data/GO_term_tables/M_MUT_and_WT_F_P60_CORT/L4_M_MUT_and_WT_F_P60_CORT_BP_top20_gentable.csv to data frame
Adding data from ../../GO_data/GO_term_tables/M_MUT_and_WT_F_P60_CORT/L4_M_MUT_and_WT_F_P60_CORT_CC_top20_gentable.csv to data frame
Adding data from ../../GO_data/GO_term_tables/M_MUT_and_WT_F_P60_CORT/L4_M_MUT_and_WT_F_P60_CORT_MF_top20_gentable.csv to data frame
Adding data from ../../GO_data/GO_term_tables/M_MUT_and_WT_F_P60_CORT/Pvalb_M_MUT_and_WT_F_P60_CORT_BP_top20_gentable.csv to data frame
Adding data from ../../GO_data/GO_term_tables/M_MUT_and_WT_F_P60_CORT/Pvalb_M_MUT_and_WT_F_P60_CORT_CC_top20_gentable.csv to data frame
Adding data from ../../GO_data/GO_term_tables/M_MUT_and_WT_F_P60_CORT/Pvalb_M_MUT_and_WT_F_P60_CORT_MF_top20_gentable.csv to data frame
Adding data from ../../GO_data/GO_term_tables/M_MUT_and_WT_F_P60_CORT/Sncg_M_MUT_and_WT_F_P60_CORT_BP_top20_gentable.csv to data frame
Adding data from ../../GO_data/GO_term_tables/M_MUT_and_WT_F_P60_CORT/Sncg_M_MUT_and_WT_F_P60_CORT_CC_top20_gentable.csv to data frame
Adding data from ../../GO_data/GO_term_tables/M_MUT_and_WT_F_P60_CORT/Sncg_M_MUT_and_WT_F_P60_CORT_MF_top20_gentable.csv to data frame
Adding data from ../../GO_data/GO_term_tables/M_MUT_and_WT_F_P60_CORT/Non_neuronal_M_MUT_and_WT_F_P60_CORT_BP_top20_gentable.csv to data frame
Adding data from ../../GO_data/GO_term_tables/M_MUT_and_WT_F_P60_CORT/Non_neuronal_M_MUT_and_WT_F_P60_CORT_CC_top20_gentable.csv to data frame
Adding data from ../../GO_data/GO_term_tables/M_MUT_and_WT_F_P60_CORT/Non_neuronal_M_MUT_and_WT_F_P60_CORT_MF_top20_gentable.csv to data frame
Adding data from ../../GO_data/GO_term_tables/M_MUT_and_WT_F_P60_CORT/Oligo_M_MUT_and_WT_F_P60_CORT_BP_top20_gentable.csv to data frame
Adding data from ../../GO_data/GO_term_tables/M_MUT_and_WT_F_P60_CORT/Oligo_M_MUT_and_WT_F_P60_CORT_CC_top20_gentable.csv to data frame
Adding data from ../../GO_data/GO_term_tables/M_MUT_and_WT_F_P60_CORT/Oligo_M_MUT_and_WT_F_P60_CORT_MF_top20_gentable.csv to data frame
Adding data from ../../GO_data/GO_term_tables/M_MUT_and_WT_F_P60_CORT/Vip_M_MUT_and_WT_F_P60_CORT_BP_top20_gentable.csv to data frame
Adding data from ../../GO_data/GO_term_tables/M_MUT_and_WT_F_P60_CORT/Vip_M_MUT_and_WT_F_P60_CORT_CC_top20_gentable.csv to data frame
Adding data from ../../GO_data/GO_term_tables/M_MUT_and_WT_F_P60_CORT/Vip_M_MUT_and_WT_F_P60_CORT_MF_top20_gentable.csv to data frame
Adding data from ../../GO_data/GO_term_tables/M_MUT_and_WT_F_P60_CORT/Lamp5_M_MUT_and_WT_F_P60_CORT_BP_top20_gentable.csv to data frame
Adding data from ../../GO_data/GO_term_tables/M_MUT_and_WT_F_P60_CORT/Lamp5_M_MUT_and_WT_F_P60_CORT_CC_top20_gentable.csv to data frame
Adding data from ../../GO_data/GO_term_tables/M_MUT_and_WT_F_P60_CORT/Lamp5_M_MUT_and_WT_F_P60_CORT_MF_top20_gentable.csv to data frame
Adding data from ../../GO_data/GO_term_tables/M_MUT_and_WT_F_P60_CORT/Astro_M_MUT_and_WT_F_P60_CORT_BP_top20_gentable.csv to data frame
Adding data from ../../GO_data/GO_term_tables/M_MUT_and_WT_F_P60_CORT/Astro_M_MUT_and_WT_F_P60_CORT_CC_top20_gentable.csv to data frame
Adding data from ../../GO_data/GO_term_tables/M_MUT_and_WT_F_P60_CORT/Astro_M_MUT_and_WT_F_P60_CORT_MF_top20_gentable.csv to data frame
Skipping the following file because it cannot be found: ../../GO_data/GO_term_tables/M_MUT_and_WT_F_P60_CORT/Peri_M_MUT_and_WT_F_P60_CORT_BP_top20_gentable.csv
Skipping the following file because it cannot be found: ../../GO_data/GO_term_tables/M_MUT_and_WT_F_P60_CORT/Peri_M_MUT_and_WT_F_P60_CORT_CC_top20_gentable.csv
Skipping the following file because it cannot be found: ../../GO_data/GO_term_tables/M_MUT_and_WT_F_P60_CORT/Peri_M_MUT_and_WT_F_P60_CORT_MF_top20_gentable.csv
Skipping the following file because it cannot be found: ../../GO_data/GO_term_tables/M_MUT_and_WT_F_P60_CORT/Endo_M_MUT_and_WT_F_P60_CORT_BP_top20_gentable.csv
Skipping the following file because it cannot be found: ../../GO_data/GO_term_tables/M_MUT_and_WT_F_P60_CORT/Endo_M_MUT_and_WT_F_P60_CORT_CC_top20_gentable.csv
Skipping the following file because it cannot be found: ../../GO_data/GO_term_tables/M_MUT_and_WT_F_P60_CORT/Endo_M_MUT_and_WT_F_P60_CORT_MF_top20_gentable.csv
Adding data from ../../GO_data/GO_term_tables/M_MUT_and_WT_F_P150_CORT/L2_3_IT_M_MUT_and_WT_F_P150_CORT_BP_top20_gentable.csv to data frame
Adding data from ../../GO_data/GO_term_tables/M_MUT_and_WT_F_P150_CORT/L2_3_IT_M_MUT_and_WT_F_P150_CORT_CC_top20_gentable.csv to data frame
Adding data from ../../GO_data/GO_term_tables/M_MUT_and_WT_F_P150_CORT/L2_3_IT_M_MUT_and_WT_F_P150_CORT_MF_top20_gentable.csv to data frame
Skipping the following file because it cannot be found: ../../GO_data/GO_term_tables/M_MUT_and_WT_F_P150_CORT/L6_M_MUT_and_WT_F_P150_CORT_BP_top20_gentable.csv
Skipping the following file because it cannot be found: ../../GO_data/GO_term_tables/M_MUT_and_WT_F_P150_CORT/L6_M_MUT_and_WT_F_P150_CORT_CC_top20_gentable.csv
Skipping the following file because it cannot be found: ../../GO_data/GO_term_tables/M_MUT_and_WT_F_P150_CORT/L6_M_MUT_and_WT_F_P150_CORT_MF_top20_gentable.csv
Adding data from ../../GO_data/GO_term_tables/M_MUT_and_WT_F_P150_CORT/Sst_M_MUT_and_WT_F_P150_CORT_BP_top20_gentable.csv to data frame
Adding data from ../../GO_data/GO_term_tables/M_MUT_and_WT_F_P150_CORT/Sst_M_MUT_and_WT_F_P150_CORT_CC_top20_gentable.csv to data frame
Adding data from ../../GO_data/GO_term_tables/M_MUT_and_WT_F_P150_CORT/Sst_M_MUT_and_WT_F_P150_CORT_MF_top20_gentable.csv to data frame
Adding data from ../../GO_data/GO_term_tables/M_MUT_and_WT_F_P150_CORT/L5_M_MUT_and_WT_F_P150_CORT_BP_top20_gentable.csv to data frame
Adding data from ../../GO_data/GO_term_tables/M_MUT_and_WT_F_P150_CORT/L5_M_MUT_and_WT_F_P150_CORT_CC_top20_gentable.csv to data frame
Adding data from ../../GO_data/GO_term_tables/M_MUT_and_WT_F_P150_CORT/L5_M_MUT_and_WT_F_P150_CORT_MF_top20_gentable.csv to data frame
Adding data from ../../GO_data/GO_term_tables/M_MUT_and_WT_F_P150_CORT/L4_M_MUT_and_WT_F_P150_CORT_BP_top20_gentable.csv to data frame
Adding data from ../../GO_data/GO_term_tables/M_MUT_and_WT_F_P150_CORT/L4_M_MUT_and_WT_F_P150_CORT_CC_top20_gentable.csv to data frame
Adding data from ../../GO_data/GO_term_tables/M_MUT_and_WT_F_P150_CORT/L4_M_MUT_and_WT_F_P150_CORT_MF_top20_gentable.csv to data frame
Adding data from ../../GO_data/GO_term_tables/M_MUT_and_WT_F_P150_CORT/Pvalb_M_MUT_and_WT_F_P150_CORT_BP_top20_gentable.csv to data frame
Adding data from ../../GO_data/GO_term_tables/M_MUT_and_WT_F_P150_CORT/Pvalb_M_MUT_and_WT_F_P150_CORT_CC_top20_gentable.csv to data frame
Adding data from ../../GO_data/GO_term_tables/M_MUT_and_WT_F_P150_CORT/Pvalb_M_MUT_and_WT_F_P150_CORT_MF_top20_gentable.csv to data frame
Adding data from ../../GO_data/GO_term_tables/M_MUT_and_WT_F_P150_CORT/Sncg_M_MUT_and_WT_F_P150_CORT_BP_top20_gentable.csv to data frame
Adding data from ../../GO_data/GO_term_tables/M_MUT_and_WT_F_P150_CORT/Sncg_M_MUT_and_WT_F_P150_CORT_CC_top20_gentable.csv to data frame
Adding data from ../../GO_data/GO_term_tables/M_MUT_and_WT_F_P150_CORT/Sncg_M_MUT_and_WT_F_P150_CORT_MF_top20_gentable.csv to data frame
Adding data from ../../GO_data/GO_term_tables/M_MUT_and_WT_F_P150_CORT/Non_neuronal_M_MUT_and_WT_F_P150_CORT_BP_top20_gentable.csv to data frame
Adding data from ../../GO_data/GO_term_tables/M_MUT_and_WT_F_P150_CORT/Non_neuronal_M_MUT_and_WT_F_P150_CORT_CC_top20_gentable.csv to data frame
Adding data from ../../GO_data/GO_term_tables/M_MUT_and_WT_F_P150_CORT/Non_neuronal_M_MUT_and_WT_F_P150_CORT_MF_top20_gentable.csv to data frame
Adding data from ../../GO_data/GO_term_tables/M_MUT_and_WT_F_P150_CORT/Oligo_M_MUT_and_WT_F_P150_CORT_BP_top20_gentable.csv to data frame
Adding data from ../../GO_data/GO_term_tables/M_MUT_and_WT_F_P150_CORT/Oligo_M_MUT_and_WT_F_P150_CORT_CC_top20_gentable.csv to data frame
Adding data from ../../GO_data/GO_term_tables/M_MUT_and_WT_F_P150_CORT/Oligo_M_MUT_and_WT_F_P150_CORT_MF_top20_gentable.csv to data frame
Adding data from ../../GO_data/GO_term_tables/M_MUT_and_WT_F_P150_CORT/Vip_M_MUT_and_WT_F_P150_CORT_BP_top20_gentable.csv to data frame
Adding data from ../../GO_data/GO_term_tables/M_MUT_and_WT_F_P150_CORT/Vip_M_MUT_and_WT_F_P150_CORT_CC_top20_gentable.csv to data frame
Adding data from ../../GO_data/GO_term_tables/M_MUT_and_WT_F_P150_CORT/Vip_M_MUT_and_WT_F_P150_CORT_MF_top20_gentable.csv to data frame
Skipping the following file because it cannot be found: ../../GO_data/GO_term_tables/M_MUT_and_WT_F_P150_CORT/Lamp5_M_MUT_and_WT_F_P150_CORT_BP_top20_gentable.csv
Skipping the following file because it cannot be found: ../../GO_data/GO_term_tables/M_MUT_and_WT_F_P150_CORT/Lamp5_M_MUT_and_WT_F_P150_CORT_CC_top20_gentable.csv
Skipping the following file because it cannot be found: ../../GO_data/GO_term_tables/M_MUT_and_WT_F_P150_CORT/Lamp5_M_MUT_and_WT_F_P150_CORT_MF_top20_gentable.csv
Adding data from ../../GO_data/GO_term_tables/M_MUT_and_WT_F_P150_CORT/Astro_M_MUT_and_WT_F_P150_CORT_BP_top20_gentable.csv to data frame
Adding data from ../../GO_data/GO_term_tables/M_MUT_and_WT_F_P150_CORT/Astro_M_MUT_and_WT_F_P150_CORT_CC_top20_gentable.csv to data frame
Adding data from ../../GO_data/GO_term_tables/M_MUT_and_WT_F_P150_CORT/Astro_M_MUT_and_WT_F_P150_CORT_MF_top20_gentable.csv to data frame
Skipping the following file because it cannot be found: ../../GO_data/GO_term_tables/M_MUT_and_WT_F_P150_CORT/Peri_M_MUT_and_WT_F_P150_CORT_BP_top20_gentable.csv
Skipping the following file because it cannot be found: ../../GO_data/GO_term_tables/M_MUT_and_WT_F_P150_CORT/Peri_M_MUT_and_WT_F_P150_CORT_CC_top20_gentable.csv
Skipping the following file because it cannot be found: ../../GO_data/GO_term_tables/M_MUT_and_WT_F_P150_CORT/Peri_M_MUT_and_WT_F_P150_CORT_MF_top20_gentable.csv
Skipping the following file because it cannot be found: ../../GO_data/GO_term_tables/M_MUT_and_WT_F_P150_CORT/Endo_M_MUT_and_WT_F_P150_CORT_BP_top20_gentable.csv
Skipping the following file because it cannot be found: ../../GO_data/GO_term_tables/M_MUT_and_WT_F_P150_CORT/Endo_M_MUT_and_WT_F_P150_CORT_CC_top20_gentable.csv
Skipping the following file because it cannot be found: ../../GO_data/GO_term_tables/M_MUT_and_WT_F_P150_CORT/Endo_M_MUT_and_WT_F_P150_CORT_MF_top20_gentable.csv
Skipping the following file because it cannot be found: ../../GO_data/GO_term_tables/M_MUT_and_WT_F_E18_WB/Endo_M_MUT_and_WT_F_E18_WB_BP_top5_gentable.csv
Skipping the following file because it cannot be found: ../../GO_data/GO_term_tables/M_MUT_and_WT_F_E18_WB/Endo_M_MUT_and_WT_F_E18_WB_CC_top5_gentable.csv
Skipping the following file because it cannot be found: ../../GO_data/GO_term_tables/M_MUT_and_WT_F_E18_WB/Endo_M_MUT_and_WT_F_E18_WB_MF_top5_gentable.csv
Skipping the following file because it cannot be found: ../../GO_data/GO_term_tables/M_MUT_and_WT_F_P30_CORT/Peri_M_MUT_and_WT_F_P30_CORT_BP_top5_gentable.csv
Skipping the following file because it cannot be found: ../../GO_data/GO_term_tables/M_MUT_and_WT_F_P30_CORT/Peri_M_MUT_and_WT_F_P30_CORT_CC_top5_gentable.csv
Skipping the following file because it cannot be found: ../../GO_data/GO_term_tables/M_MUT_and_WT_F_P30_CORT/Peri_M_MUT_and_WT_F_P30_CORT_MF_top5_gentable.csv
Skipping the following file because it cannot be found: ../../GO_data/GO_term_tables/M_MUT_and_WT_F_P30_CORT/Endo_M_MUT_and_WT_F_P30_CORT_BP_top5_gentable.csv
Skipping the following file because it cannot be found: ../../GO_data/GO_term_tables/M_MUT_and_WT_F_P30_CORT/Endo_M_MUT_and_WT_F_P30_CORT_CC_top5_gentable.csv
Skipping the following file because it cannot be found: ../../GO_data/GO_term_tables/M_MUT_and_WT_F_P30_CORT/Endo_M_MUT_and_WT_F_P30_CORT_MF_top5_gentable.csv
Skipping the following file because it cannot be found: ../../GO_data/GO_term_tables/M_MUT_and_WT_F_P60_CORT/Peri_M_MUT_and_WT_F_P60_CORT_BP_top5_gentable.csv
Skipping the following file because it cannot be found: ../../GO_data/GO_term_tables/M_MUT_and_WT_F_P60_CORT/Peri_M_MUT_and_WT_F_P60_CORT_CC_top5_gentable.csv
Skipping the following file because it cannot be found: ../../GO_data/GO_term_tables/M_MUT_and_WT_F_P60_CORT/Peri_M_MUT_and_WT_F_P60_CORT_MF_top5_gentable.csv
Skipping the following file because it cannot be found: ../../GO_data/GO_term_tables/M_MUT_and_WT_F_P60_CORT/Endo_M_MUT_and_WT_F_P60_CORT_BP_top5_gentable.csv
Skipping the following file because it cannot be found: ../../GO_data/GO_term_tables/M_MUT_and_WT_F_P60_CORT/Endo_M_MUT_and_WT_F_P60_CORT_CC_top5_gentable.csv
Skipping the following file because it cannot be found: ../../GO_data/GO_term_tables/M_MUT_and_WT_F_P60_CORT/Endo_M_MUT_and_WT_F_P60_CORT_MF_top5_gentable.csv
Skipping the following file because it cannot be found: ../../GO_data/GO_term_tables/M_MUT_and_WT_F_P150_CORT/L6_M_MUT_and_WT_F_P150_CORT_BP_top5_gentable.csv
Skipping the following file because it cannot be found: ../../GO_data/GO_term_tables/M_MUT_and_WT_F_P150_CORT/L6_M_MUT_and_WT_F_P150_CORT_CC_top5_gentable.csv
Skipping the following file because it cannot be found: ../../GO_data/GO_term_tables/M_MUT_and_WT_F_P150_CORT/L6_M_MUT_and_WT_F_P150_CORT_MF_top5_gentable.csv
Skipping the following file because it cannot be found: ../../GO_data/GO_term_tables/M_MUT_and_WT_F_P150_CORT/Lamp5_M_MUT_and_WT_F_P150_CORT_BP_top5_gentable.csv
Skipping the following file because it cannot be found: ../../GO_data/GO_term_tables/M_MUT_and_WT_F_P150_CORT/Lamp5_M_MUT_and_WT_F_P150_CORT_CC_top5_gentable.csv
Skipping the following file because it cannot be found: ../../GO_data/GO_term_tables/M_MUT_and_WT_F_P150_CORT/Lamp5_M_MUT_and_WT_F_P150_CORT_MF_top5_gentable.csv
Skipping the following file because it cannot be found: ../../GO_data/GO_term_tables/M_MUT_and_WT_F_P150_CORT/Peri_M_MUT_and_WT_F_P150_CORT_BP_top5_gentable.csv
Skipping the following file because it cannot be found: ../../GO_data/GO_term_tables/M_MUT_and_WT_F_P150_CORT/Peri_M_MUT_and_WT_F_P150_CORT_CC_top5_gentable.csv
Skipping the following file because it cannot be found: ../../GO_data/GO_term_tables/M_MUT_and_WT_F_P150_CORT/Peri_M_MUT_and_WT_F_P150_CORT_MF_top5_gentable.csv
Skipping the following file because it cannot be found: ../../GO_data/GO_term_tables/M_MUT_and_WT_F_P150_CORT/Endo_M_MUT_and_WT_F_P150_CORT_BP_top5_gentable.csv
Skipping the following file because it cannot be found: ../../GO_data/GO_term_tables/M_MUT_and_WT_F_P150_CORT/Endo_M_MUT_and_WT_F_P150_CORT_CC_top5_gentable.csv
Skipping the following file because it cannot be found: ../../GO_data/GO_term_tables/M_MUT_and_WT_F_P150_CORT/Endo_M_MUT_and_WT_F_P150_CORT_MF_top5_gentable.csv
Skipping the following file because it cannot be found: ../../GO_data/GO_term_tables/M_MUT_and_WT_F_E18_WB/Endo_M_MUT_and_WT_F_E18_WB_BP_top3_gentable.csv
Skipping the following file because it cannot be found: ../../GO_data/GO_term_tables/M_MUT_and_WT_F_E18_WB/Endo_M_MUT_and_WT_F_E18_WB_CC_top3_gentable.csv
Skipping the following file because it cannot be found: ../../GO_data/GO_term_tables/M_MUT_and_WT_F_E18_WB/Endo_M_MUT_and_WT_F_E18_WB_MF_top3_gentable.csv
Skipping the following file because it cannot be found: ../../GO_data/GO_term_tables/M_MUT_and_WT_F_P30_CORT/Peri_M_MUT_and_WT_F_P30_CORT_BP_top3_gentable.csv
Skipping the following file because it cannot be found: ../../GO_data/GO_term_tables/M_MUT_and_WT_F_P30_CORT/Peri_M_MUT_and_WT_F_P30_CORT_CC_top3_gentable.csv
Skipping the following file because it cannot be found: ../../GO_data/GO_term_tables/M_MUT_and_WT_F_P30_CORT/Peri_M_MUT_and_WT_F_P30_CORT_MF_top3_gentable.csv
Skipping the following file because it cannot be found: ../../GO_data/GO_term_tables/M_MUT_and_WT_F_P30_CORT/Endo_M_MUT_and_WT_F_P30_CORT_BP_top3_gentable.csv
Skipping the following file because it cannot be found: ../../GO_data/GO_term_tables/M_MUT_and_WT_F_P30_CORT/Endo_M_MUT_and_WT_F_P30_CORT_CC_top3_gentable.csv
Skipping the following file because it cannot be found: ../../GO_data/GO_term_tables/M_MUT_and_WT_F_P30_CORT/Endo_M_MUT_and_WT_F_P30_CORT_MF_top3_gentable.csv
Skipping the following file because it cannot be found: ../../GO_data/GO_term_tables/M_MUT_and_WT_F_P60_CORT/Peri_M_MUT_and_WT_F_P60_CORT_BP_top3_gentable.csv
Skipping the following file because it cannot be found: ../../GO_data/GO_term_tables/M_MUT_and_WT_F_P60_CORT/Peri_M_MUT_and_WT_F_P60_CORT_CC_top3_gentable.csv
Skipping the following file because it cannot be found: ../../GO_data/GO_term_tables/M_MUT_and_WT_F_P60_CORT/Peri_M_MUT_and_WT_F_P60_CORT_MF_top3_gentable.csv
Skipping the following file because it cannot be found: ../../GO_data/GO_term_tables/M_MUT_and_WT_F_P60_CORT/Endo_M_MUT_and_WT_F_P60_CORT_BP_top3_gentable.csv
Skipping the following file because it cannot be found: ../../GO_data/GO_term_tables/M_MUT_and_WT_F_P60_CORT/Endo_M_MUT_and_WT_F_P60_CORT_CC_top3_gentable.csv
Skipping the following file because it cannot be found: ../../GO_data/GO_term_tables/M_MUT_and_WT_F_P60_CORT/Endo_M_MUT_and_WT_F_P60_CORT_MF_top3_gentable.csv
Skipping the following file because it cannot be found: ../../GO_data/GO_term_tables/M_MUT_and_WT_F_P150_CORT/L6_M_MUT_and_WT_F_P150_CORT_BP_top3_gentable.csv
Skipping the following file because it cannot be found: ../../GO_data/GO_term_tables/M_MUT_and_WT_F_P150_CORT/L6_M_MUT_and_WT_F_P150_CORT_CC_top3_gentable.csv
Skipping the following file because it cannot be found: ../../GO_data/GO_term_tables/M_MUT_and_WT_F_P150_CORT/L6_M_MUT_and_WT_F_P150_CORT_MF_top3_gentable.csv
Skipping the following file because it cannot be found: ../../GO_data/GO_term_tables/M_MUT_and_WT_F_P150_CORT/Lamp5_M_MUT_and_WT_F_P150_CORT_BP_top3_gentable.csv
Skipping the following file because it cannot be found: ../../GO_data/GO_term_tables/M_MUT_and_WT_F_P150_CORT/Lamp5_M_MUT_and_WT_F_P150_CORT_CC_top3_gentable.csv
Skipping the following file because it cannot be found: ../../GO_data/GO_term_tables/M_MUT_and_WT_F_P150_CORT/Lamp5_M_MUT_and_WT_F_P150_CORT_MF_top3_gentable.csv
Skipping the following file because it cannot be found: ../../GO_data/GO_term_tables/M_MUT_and_WT_F_P150_CORT/Peri_M_MUT_and_WT_F_P150_CORT_BP_top3_gentable.csv
Skipping the following file because it cannot be found: ../../GO_data/GO_term_tables/M_MUT_and_WT_F_P150_CORT/Peri_M_MUT_and_WT_F_P150_CORT_CC_top3_gentable.csv
Skipping the following file because it cannot be found: ../../GO_data/GO_term_tables/M_MUT_and_WT_F_P150_CORT/Peri_M_MUT_and_WT_F_P150_CORT_MF_top3_gentable.csv
Skipping the following file because it cannot be found: ../../GO_data/GO_term_tables/M_MUT_and_WT_F_P150_CORT/Endo_M_MUT_and_WT_F_P150_CORT_BP_top3_gentable.csv
Skipping the following file because it cannot be found: ../../GO_data/GO_term_tables/M_MUT_and_WT_F_P150_CORT/Endo_M_MUT_and_WT_F_P150_CORT_CC_top3_gentable.csv
Skipping the following file because it cannot be found: ../../GO_data/GO_term_tables/M_MUT_and_WT_F_P150_CORT/Endo_M_MUT_and_WT_F_P150_CORT_MF_top3_gentable.csv
