INFO [2024-06-12 11:52:48] $x
INFO [2024-06-12 11:52:48] list(limmavoomcc = limmavoomcc_symbols, P30_edgeR = P30_edgeR_symbols)
INFO [2024-06-12 11:52:48] 
INFO [2024-06-12 11:52:48] $category.names
INFO [2024-06-12 11:52:48] c("limmavoomcc", "P30_edgeR")
INFO [2024-06-12 11:52:48] 
INFO [2024-06-12 11:52:48] $filename
INFO [2024-06-12 11:52:48] NULL
INFO [2024-06-12 11:52:48] 
INFO [2024-06-12 11:52:48] $hyper.test
INFO [2024-06-12 11:52:48] [1] TRUE
INFO [2024-06-12 11:52:48] 
INFO [2024-06-12 11:52:48] $total.population
INFO [2024-06-12 11:52:48] [1] 7000
INFO [2024-06-12 11:52:48] 
INFO [2024-06-12 11:52:48] $circle.col
INFO [2024-06-12 11:52:48] circle_colors
INFO [2024-06-12 11:52:48] 
INFO [2024-06-12 11:52:48] $x
INFO [2024-06-12 11:52:48] list(limmavoomcc = limmavoomcc_symbols, P30_edgeR = P30_edgeR_symbols)
INFO [2024-06-12 11:52:48] 
INFO [2024-06-12 11:52:48] $category.names
INFO [2024-06-12 11:52:48] c("limmavoomcc", "P30_edgeR")
INFO [2024-06-12 11:52:48] 
INFO [2024-06-12 11:52:48] $filename
INFO [2024-06-12 11:52:48] NULL
INFO [2024-06-12 11:52:48] 
INFO [2024-06-12 11:52:48] $hyper.test
INFO [2024-06-12 11:52:48] [1] TRUE
INFO [2024-06-12 11:52:48] 
INFO [2024-06-12 11:52:48] $total.population
INFO [2024-06-12 11:52:48] [1] 7000
INFO [2024-06-12 11:52:48] 
INFO [2024-06-12 11:52:48] $circle.col
INFO [2024-06-12 11:52:48] circle_colors
INFO [2024-06-12 11:52:48] 
INFO [2024-06-12 11:52:48] $x
INFO [2024-06-12 11:52:48] list(limmavoomcc = limmavoomcc_symbols, P30_edgeR = P30_edgeR_symbols)
INFO [2024-06-12 11:52:48] 
INFO [2024-06-12 11:52:48] $category.names
INFO [2024-06-12 11:52:48] c("limmavoomcc", "P30_edgeR")
INFO [2024-06-12 11:52:48] 
INFO [2024-06-12 11:52:48] $filename
INFO [2024-06-12 11:52:48] NULL
INFO [2024-06-12 11:52:48] 
INFO [2024-06-12 11:52:48] $hyper.test
INFO [2024-06-12 11:52:48] [1] TRUE
INFO [2024-06-12 11:52:48] 
INFO [2024-06-12 11:52:48] $total.population
INFO [2024-06-12 11:52:48] [1] 7000
INFO [2024-06-12 11:52:48] 
INFO [2024-06-12 11:52:48] $circle.col
INFO [2024-06-12 11:52:48] circle_colors
INFO [2024-06-12 11:52:48] 
INFO [2024-06-12 11:52:48] $x
INFO [2024-06-12 11:52:48] list(limmavoomcc = limmavoomcc_symbols, P30_edgeR = P30_edgeR_symbols)
INFO [2024-06-12 11:52:48] 
INFO [2024-06-12 11:52:48] $category.names
INFO [2024-06-12 11:52:48] c("limmavoomcc", "P30_edgeR")
INFO [2024-06-12 11:52:48] 
INFO [2024-06-12 11:52:48] $filename
INFO [2024-06-12 11:52:48] NULL
INFO [2024-06-12 11:52:48] 
INFO [2024-06-12 11:52:48] $hyper.test
INFO [2024-06-12 11:52:48] [1] TRUE
INFO [2024-06-12 11:52:48] 
INFO [2024-06-12 11:52:48] $total.population
INFO [2024-06-12 11:52:48] [1] 7000
INFO [2024-06-12 11:52:48] 
INFO [2024-06-12 11:52:48] $circle.col
INFO [2024-06-12 11:52:48] circle_colors
INFO [2024-06-12 11:52:48] 
INFO [2024-06-12 11:52:48] $x
INFO [2024-06-12 11:52:48] list(limmavoomcc = limmavoomcc_symbols, P30_edgeR = P30_edgeR_symbols)
INFO [2024-06-12 11:52:48] 
INFO [2024-06-12 11:52:48] $category.names
INFO [2024-06-12 11:52:48] c("limmavoomcc", "P30_edgeR")
INFO [2024-06-12 11:52:48] 
INFO [2024-06-12 11:52:48] $filename
INFO [2024-06-12 11:52:48] NULL
INFO [2024-06-12 11:52:48] 
INFO [2024-06-12 11:52:48] $hyper.test
INFO [2024-06-12 11:52:48] [1] TRUE
INFO [2024-06-12 11:52:48] 
INFO [2024-06-12 11:52:48] $total.population
INFO [2024-06-12 11:52:48] [1] 7000
INFO [2024-06-12 11:52:48] 
INFO [2024-06-12 11:52:48] $circle.col
INFO [2024-06-12 11:52:48] circle_colors
INFO [2024-06-12 11:52:48] 
INFO [2024-06-12 11:52:48] $x
INFO [2024-06-12 11:52:48] list(limmavoomcc = limmavoomcc_symbols, P30_edgeR = P30_edgeR_symbols)
INFO [2024-06-12 11:52:48] 
INFO [2024-06-12 11:52:48] $category.names
INFO [2024-06-12 11:52:48] c("limmavoomcc", "P30_edgeR")
INFO [2024-06-12 11:52:48] 
INFO [2024-06-12 11:52:48] $filename
INFO [2024-06-12 11:52:48] NULL
INFO [2024-06-12 11:52:48] 
INFO [2024-06-12 11:52:48] $hyper.test
INFO [2024-06-12 11:52:48] [1] TRUE
INFO [2024-06-12 11:52:48] 
INFO [2024-06-12 11:52:48] $total.population
INFO [2024-06-12 11:52:48] [1] 7000
INFO [2024-06-12 11:52:48] 
INFO [2024-06-12 11:52:48] $circle.col
INFO [2024-06-12 11:52:48] circle_colors
INFO [2024-06-12 11:52:48] 
INFO [2024-06-12 11:52:48] $x
INFO [2024-06-12 11:52:48] list(limmavoomcc = limmavoomcc_symbols, P30_edgeR = P30_edgeR_symbols)
INFO [2024-06-12 11:52:48] 
INFO [2024-06-12 11:52:48] $category.names
INFO [2024-06-12 11:52:48] c("limmavoomcc", "P30_edgeR")
INFO [2024-06-12 11:52:48] 
INFO [2024-06-12 11:52:48] $filename
INFO [2024-06-12 11:52:48] NULL
INFO [2024-06-12 11:52:48] 
INFO [2024-06-12 11:52:48] $hyper.test
INFO [2024-06-12 11:52:48] [1] TRUE
INFO [2024-06-12 11:52:48] 
INFO [2024-06-12 11:52:48] $total.population
INFO [2024-06-12 11:52:48] [1] 7000
INFO [2024-06-12 11:52:48] 
INFO [2024-06-12 11:52:48] $circle.col
INFO [2024-06-12 11:52:48] circle_colors
INFO [2024-06-12 11:52:48] 
INFO [2024-06-12 11:52:48] $x
INFO [2024-06-12 11:52:48] list(limmavoomcc = limmavoomcc_symbols, P30_edgeR = P30_edgeR_symbols)
INFO [2024-06-12 11:52:48] 
INFO [2024-06-12 11:52:48] $category.names
INFO [2024-06-12 11:52:48] c("limmavoomcc", "P30_edgeR")
INFO [2024-06-12 11:52:48] 
INFO [2024-06-12 11:52:48] $filename
INFO [2024-06-12 11:52:48] NULL
INFO [2024-06-12 11:52:48] 
INFO [2024-06-12 11:52:48] $hyper.test
INFO [2024-06-12 11:52:48] [1] TRUE
INFO [2024-06-12 11:52:48] 
INFO [2024-06-12 11:52:48] $total.population
INFO [2024-06-12 11:52:48] [1] 7000
INFO [2024-06-12 11:52:48] 
INFO [2024-06-12 11:52:48] $circle.col
INFO [2024-06-12 11:52:48] circle_colors
INFO [2024-06-12 11:52:48] 
INFO [2024-06-12 11:52:48] $x
INFO [2024-06-12 11:52:48] list(limmavoomcc = limmavoomcc_symbols, P30_edgeR = P30_edgeR_symbols)
INFO [2024-06-12 11:52:48] 
INFO [2024-06-12 11:52:48] $category.names
INFO [2024-06-12 11:52:48] c("limmavoomcc", "P30_edgeR")
INFO [2024-06-12 11:52:48] 
INFO [2024-06-12 11:52:48] $filename
INFO [2024-06-12 11:52:48] NULL
INFO [2024-06-12 11:52:48] 
INFO [2024-06-12 11:52:48] $hyper.test
INFO [2024-06-12 11:52:48] [1] TRUE
INFO [2024-06-12 11:52:48] 
INFO [2024-06-12 11:52:48] $total.population
INFO [2024-06-12 11:52:48] [1] 7000
INFO [2024-06-12 11:52:48] 
INFO [2024-06-12 11:52:48] $circle.col
INFO [2024-06-12 11:52:48] circle_colors
INFO [2024-06-12 11:52:48] 
INFO [2024-06-12 11:52:48] $x
INFO [2024-06-12 11:52:48] list(limmavoomcc = limmavoomcc_symbols, P30_edgeR = P30_edgeR_symbols)
INFO [2024-06-12 11:52:48] 
INFO [2024-06-12 11:52:48] $category.names
INFO [2024-06-12 11:52:48] c("limmavoomcc", "P30_edgeR")
INFO [2024-06-12 11:52:48] 
INFO [2024-06-12 11:52:48] $filename
INFO [2024-06-12 11:52:48] NULL
INFO [2024-06-12 11:52:48] 
INFO [2024-06-12 11:52:48] $hyper.test
INFO [2024-06-12 11:52:48] [1] TRUE
INFO [2024-06-12 11:52:48] 
INFO [2024-06-12 11:52:48] $total.population
INFO [2024-06-12 11:52:48] [1] 7000
INFO [2024-06-12 11:52:48] 
INFO [2024-06-12 11:52:48] $circle.col
INFO [2024-06-12 11:52:48] circle_colors
INFO [2024-06-12 11:52:48] 
INFO [2024-06-12 11:52:48] $x
INFO [2024-06-12 11:52:48] list(limmavoomcc = limmavoomcc_symbols, P30_edgeR = P30_edgeR_symbols)
INFO [2024-06-12 11:52:48] 
INFO [2024-06-12 11:52:48] $category.names
INFO [2024-06-12 11:52:48] c("limmavoomcc", "P30_edgeR")
INFO [2024-06-12 11:52:48] 
INFO [2024-06-12 11:52:48] $filename
INFO [2024-06-12 11:52:48] NULL
INFO [2024-06-12 11:52:48] 
INFO [2024-06-12 11:52:48] $hyper.test
INFO [2024-06-12 11:52:48] [1] TRUE
INFO [2024-06-12 11:52:48] 
INFO [2024-06-12 11:52:48] $total.population
INFO [2024-06-12 11:52:48] [1] 7000
INFO [2024-06-12 11:52:48] 
INFO [2024-06-12 11:52:48] $circle.col
INFO [2024-06-12 11:52:48] circle_colors
INFO [2024-06-12 11:52:48] 
